#
# There is insufficient memory for the Java Runtime Environment to continue.
# Native memory allocation (malloc) failed to allocate 748496 bytes for Chunk::new
# Possible reasons:
#   The system is out of physical RAM or swap space
#   The process is running with CompressedOops enabled, and the Java Heap may be blocking the growth of the native heap
# Possible solutions:
#   Reduce memory load on the system
#   Increase physical memory or swap space
#   Check if swap backing store is full
#   Decrease Java heap size (-Xmx/-Xms)
#   Decrease number of Java threads
#   Decrease Java thread stack sizes (-Xss)
#   Set larger code cache with -XX:ReservedCodeCacheSize=
#   JVM is running with Unscaled Compressed Oops mode in which the Java heap is
#     placed in the first 4GB address space. The Java Heap base address is the
#     maximum limit for the native heap growth. Please use -XX:HeapBaseMinAddress
#     to set the Java Heap base and to place the Java Heap above 4GB virtual address.
# This output file may be truncated or incomplete.
#
#  Out of Memory Error (allocation.cpp:389), pid=4028, tid=0x0000000000002084
#
# JRE version: OpenJDK Runtime Environment (8.0_212-b04) (build 1.8.0_212-release-1586-b04)
# Java VM: OpenJDK 64-Bit Server VM (25.212-b04 mixed mode windows-amd64 compressed oops)
# Failed to write core dump. Minidumps are not enabled by default on client versions of Windows
#

---------------  T H R E A D  ---------------

Current thread (0x0000000015f9e000):  JavaThread "C2 CompilerThread1" daemon [_thread_in_native, id=8324, stack(0x0000000017700000,0x0000000017800000)]

Stack: [0x0000000017700000,0x0000000017800000]
[error occurred during error reporting (printing stack bounds), id 0xc0000005]

Native frames: (J=compiled Java code, j=interpreted, Vv=VM code, C=native code)


Current CompileTask:
C2:   3711 1387       4       java.net.URLClassLoader$1::run (5 bytes)


---------------  P R O C E S S  ---------------

Java Threads: ( => current thread )
  0x0000000019b54000 JavaThread "Cache worker for journal cache (C:\Users\Pratima\.gradle\caches\journal-1)" [_thread_blocked, id=2948, stack(0x000000001bc20000,0x000000001bd20000)]
  0x0000000019b57000 JavaThread "File lock request listener" [_thread_in_native, id=4488, stack(0x000000001bb20000,0x000000001bc20000)]
  0x0000000019b55800 JavaThread "Cache worker for file hash cache (C:\Users\Pratima\.gradle\caches\5.6.4\fileHashes)" [_thread_blocked, id=1976, stack(0x000000001ba20000,0x000000001bb20000)]
  0x0000000019aae000 JavaThread "Thread-9" [_thread_blocked, id=668, stack(0x000000001b920000,0x000000001ba20000)]
  0x0000000019a08800 JavaThread "Stdin handler" [_thread_blocked, id=5152, stack(0x000000001b820000,0x000000001b920000)]
  0x0000000019a14800 JavaThread "Asynchronous log dispatcher for DefaultDaemonConnection: socket connection from /127.0.0.1:49942 to /127.0.0.1:49943" [_thread_blocked, id=3300, stack(0x000000001b720000,0x000000001b820000)]
  0x0000000019a12800 JavaThread "Daemon worker" [_thread_in_Java, id=1600, stack(0x000000001b620000,0x000000001b720000)]
  0x0000000019a11800 JavaThread "Cancel handler" [_thread_blocked, id=1516, stack(0x000000001b520000,0x000000001b620000)]
  0x0000000019a8b000 JavaThread "Handler for socket connection from /127.0.0.1:49942 to /127.0.0.1:49943" [_thread_in_native, id=2932, stack(0x000000001b220000,0x000000001b320000)]
  0x00000000199f3800 JavaThread "Daemon" [_thread_blocked, id=1136, stack(0x000000001b120000,0x000000001b220000)]
  0x0000000019a86000 JavaThread "Daemon periodic checks" [_thread_blocked, id=6996, stack(0x000000001b020000,0x000000001b120000)]
  0x0000000019a3d800 JavaThread "Incoming local TCP Connector on port 49942" [_thread_in_native, id=3036, stack(0x000000001ade0000,0x000000001aee0000)]
  0x0000000019908000 JavaThread "Daemon health stats" [_thread_blocked, id=8800, stack(0x000000001a7a0000,0x000000001a8a0000)]
  0x0000000015ffe800 JavaThread "Service Thread" daemon [_thread_blocked, id=7960, stack(0x0000000017d00000,0x0000000017e00000)]
  0x0000000015fa9000 JavaThread "C1 CompilerThread2" daemon [_thread_in_native, id=9840, stack(0x0000000017800000,0x0000000017900000)]
=>0x0000000015f9e000 JavaThread "C2 CompilerThread1" daemon [_thread_in_native, id=8324, stack(0x0000000017700000,0x0000000017800000)]
  0x0000000015f99000 JavaThread "C2 CompilerThread0" daemon [_thread_in_native, id=2012, stack(0x0000000017600000,0x0000000017700000)]
  0x0000000015fa8000 JavaThread "Attach Listener" daemon [_thread_blocked, id=6664, stack(0x0000000017500000,0x0000000017600000)]
  0x0000000015fa6800 JavaThread "Signal Dispatcher" daemon [_thread_blocked, id=4884, stack(0x0000000017400000,0x0000000017500000)]
  0x00000000025cc000 JavaThread "Finalizer" daemon [_thread_blocked, id=8548, stack(0x0000000017200000,0x0000000017300000)]
  0x0000000015f89000 JavaThread "Reference Handler" daemon [_thread_blocked, id=6784, stack(0x0000000017100000,0x0000000017200000)]
  0x00000000005ce000 JavaThread "main" [_thread_blocked, id=3244, stack(0x0000000000c00000,0x0000000000d00000)]

Other Threads:
  0x0000000015f67000 VMThread [stack: 0x0000000017000000,0x0000000017100000] [id=5324]
  0x0000000017936000 WatcherThread [stack: 0x0000000017e00000,0x0000000017f00000] [id=3104]

VM state:not at safepoint (normal execution)

VM Mutex/Monitor currently owned by a thread: None

heap address: 0x00000000a0000000, size: 1536 MB, Compressed Oops mode: 32-bit
Narrow klass base: 0x0000000000000000, Narrow klass shift: 3
Compressed class space size: 1073741824 Address: 0x0000000100000000

Heap:
 PSYoungGen      total 34304K, used 16340K [0x00000000e0000000, 0x00000000e2400000, 0x0000000100000000)
  eden space 31744K, 43% used [0x00000000e0000000,0x00000000e0d7d138,0x00000000e1f00000)
  from space 2560K, 98% used [0x00000000e2180000,0x00000000e23f8020,0x00000000e2400000)
  to   space 2560K, 0% used [0x00000000e1f00000,0x00000000e1f00000,0x00000000e2180000)
 ParOldGen       total 42496K, used 8070K [0x00000000a0000000, 0x00000000a2980000, 0x00000000e0000000)
  object space 42496K, 18% used [0x00000000a0000000,0x00000000a07e19c0,0x00000000a2980000)
 Metaspace       used 15705K, capacity 16142K, committed 16256K, reserved 1062912K
  class space    used 2220K, capacity 2403K, committed 2432K, reserved 1048576K

Card table byte_map: [0x00000000119f0000,0x0000000011d00000] byte_map_base: 0x00000000114f0000

Marking Bits: (ParMarkBitMap*) 0x0000000074b49f30
 Begin Bits: [0x0000000012300000, 0x0000000013b00000)
 End Bits:   [0x0000000013b00000, 0x0000000015300000)

Polling page: 0x00000000024b0000

CodeCache: size=245760Kb used=5219Kb max_used=5219Kb free=240540Kb
 bounds [0x0000000002630000, 0x0000000002b50000, 0x0000000011630000]
 total_blobs=1898 nmethods=1507 adapters=304
 compilation: enabled

Compilation events (10 events):
Event: 3.705 Thread 0x0000000015fa9000 nmethod 1501 0x0000000002b41e90 code [0x0000000002b41fe0, 0x0000000002b42190]
Event: 3.705 Thread 0x0000000015fa9000 1494       3       com.google.common.base.AbstractIterator::next (34 bytes)
Event: 3.705 Thread 0x0000000015fa9000 nmethod 1494 0x0000000002b42250 code [0x0000000002b423e0, 0x0000000002b42718]
Event: 3.705 Thread 0x0000000015fa9000 1502       3       org.gradle.configuration.DefaultImportsReader$2::processLine (70 bytes)
Event: 3.707 Thread 0x0000000015fa9000 nmethod 1502 0x0000000002b42850 code [0x0000000002b42aa0, 0x0000000002b439f8]
Event: 3.707 Thread 0x0000000015fa9000 1503       3       org.apache.commons.lang.StringUtils::isEmpty (17 bytes)
Event: 3.707 Thread 0x0000000015fa9000 nmethod 1503 0x0000000002b44390 code [0x0000000002b44500, 0x0000000002b447b0]
Event: 3.707 Thread 0x0000000015fa9000 1504       3       com.google.common.base.Splitter::on (8 bytes)
Event: 3.708 Thread 0x0000000015fa9000 nmethod 1504 0x0000000002b44890 code [0x0000000002b44a60, 0x0000000002b451b0]
Event: 3.708 Thread 0x0000000015fa9000 1511       3       com.google.common.base.Splitter::splitToList (49 bytes)

GC Heap History (10 events):
Event: 1.220 GC heap before
{Heap before GC invocations=2 (full 0):
 PSYoungGen      total 18432K, used 18321K [0x00000000e0000000, 0x00000000e1480000, 0x0000000100000000)
  eden space 15872K, 100% used [0x00000000e0000000,0x00000000e0f80000,0x00000000e0f80000)
  from space 2560K, 95% used [0x00000000e0f80000,0x00000000e11e44c0,0x00000000e1200000)
  to   space 2560K, 0% used [0x00000000e1200000,0x00000000e1200000,0x00000000e1480000)
 ParOldGen       total 42496K, used 8K [0x00000000a0000000, 0x00000000a2980000, 0x00000000e0000000)
  object space 42496K, 0% used [0x00000000a0000000,0x00000000a0002000,0x00000000a2980000)
 Metaspace       used 6708K, capacity 6896K, committed 7040K, reserved 1056768K
  class space    used 817K, capacity 876K, committed 896K, reserved 1048576K
Event: 1.226 GC heap after
Heap after GC invocations=2 (full 0):
 PSYoungGen      total 18432K, used 2551K [0x00000000e0000000, 0x00000000e1480000, 0x0000000100000000)
  eden space 15872K, 0% used [0x00000000e0000000,0x00000000e0000000,0x00000000e0f80000)
  from space 2560K, 99% used [0x00000000e1200000,0x00000000e147df08,0x00000000e1480000)
  to   space 2560K, 0% used [0x00000000e0f80000,0x00000000e0f80000,0x00000000e1200000)
 ParOldGen       total 42496K, used 494K [0x00000000a0000000, 0x00000000a2980000, 0x00000000e0000000)
  object space 42496K, 1% used [0x00000000a0000000,0x00000000a007b890,0x00000000a2980000)
 Metaspace       used 6708K, capacity 6896K, committed 7040K, reserved 1056768K
  class space    used 817K, capacity 876K, committed 896K, reserved 1048576K
}
Event: 1.394 GC heap before
{Heap before GC invocations=3 (full 0):
 PSYoungGen      total 18432K, used 18423K [0x00000000e0000000, 0x00000000e1480000, 0x0000000100000000)
  eden space 15872K, 100% used [0x00000000e0000000,0x00000000e0f80000,0x00000000e0f80000)
  from space 2560K, 99% used [0x00000000e1200000,0x00000000e147df08,0x00000000e1480000)
  to   space 2560K, 0% used [0x00000000e0f80000,0x00000000e0f80000,0x00000000e1200000)
 ParOldGen       total 42496K, used 494K [0x00000000a0000000, 0x00000000a2980000, 0x00000000e0000000)
  object space 42496K, 1% used [0x00000000a0000000,0x00000000a007b890,0x00000000a2980000)
 Metaspace       used 6726K, capacity 6960K, committed 7040K, reserved 1056768K
  class space    used 817K, capacity 876K, committed 896K, reserved 1048576K
Event: 1.397 GC heap after
Heap after GC invocations=3 (full 0):
 PSYoungGen      total 18432K, used 2048K [0x00000000e0000000, 0x00000000e2400000, 0x0000000100000000)
  eden space 15872K, 0% used [0x00000000e0000000,0x00000000e0000000,0x00000000e0f80000)
  from space 2560K, 80% used [0x00000000e0f80000,0x00000000e1180000,0x00000000e1200000)
  to   space 2560K, 0% used [0x00000000e2180000,0x00000000e2180000,0x00000000e2400000)
 ParOldGen       total 42496K, used 502K [0x00000000a0000000, 0x00000000a2980000, 0x00000000e0000000)
  object space 42496K, 1% used [0x00000000a0000000,0x00000000a007d890,0x00000000a2980000)
 Metaspace       used 6726K, capacity 6960K, committed 7040K, reserved 1056768K
  class space    used 817K, capacity 876K, committed 896K, reserved 1048576K
}
Event: 1.580 GC heap before
{Heap before GC invocations=4 (full 0):
 PSYoungGen      total 18432K, used 17920K [0x00000000e0000000, 0x00000000e2400000, 0x0000000100000000)
  eden space 15872K, 100% used [0x00000000e0000000,0x00000000e0f80000,0x00000000e0f80000)
  from space 2560K, 80% used [0x00000000e0f80000,0x00000000e1180000,0x00000000e1200000)
  to   space 2560K, 0% used [0x00000000e2180000,0x00000000e2180000,0x00000000e2400000)
 ParOldGen       total 42496K, used 502K [0x00000000a0000000, 0x00000000a2980000, 0x00000000e0000000)
  object space 42496K, 1% used [0x00000000a0000000,0x00000000a007d890,0x00000000a2980000)
 Metaspace       used 6936K, capacity 7208K, committed 7424K, reserved 1056768K
  class space    used 850K, capacity 916K, committed 1024K, reserved 1048576K
Event: 1.584 GC heap after
Heap after GC invocations=4 (full 0):
 PSYoungGen      total 34304K, used 2544K [0x00000000e0000000, 0x00000000e2400000, 0x0000000100000000)
  eden space 31744K, 0% used [0x00000000e0000000,0x00000000e0000000,0x00000000e1f00000)
  from space 2560K, 99% used [0x00000000e2180000,0x00000000e23fc030,0x00000000e2400000)
  to   space 2560K, 0% used [0x00000000e1f00000,0x00000000e1f00000,0x00000000e2180000)
 ParOldGen       total 42496K, used 1006K [0x00000000a0000000, 0x00000000a2980000, 0x00000000e0000000)
  object space 42496K, 2% used [0x00000000a0000000,0x00000000a00fb8b0,0x00000000a2980000)
 Metaspace       used 6936K, capacity 7208K, committed 7424K, reserved 1056768K
  class space    used 850K, capacity 916K, committed 1024K, reserved 1048576K
}
Event: 2.895 GC heap before
{Heap before GC invocations=5 (full 0):
 PSYoungGen      total 34304K, used 34288K [0x00000000e0000000, 0x00000000e2400000, 0x0000000100000000)
  eden space 31744K, 100% used [0x00000000e0000000,0x00000000e1f00000,0x00000000e1f00000)
  from space 2560K, 99% used [0x00000000e2180000,0x00000000e23fc030,0x00000000e2400000)
  to   space 2560K, 0% used [0x00000000e1f00000,0x00000000e1f00000,0x00000000e2180000)
 ParOldGen       total 42496K, used 1006K [0x00000000a0000000, 0x00000000a2980000, 0x00000000e0000000)
  object space 42496K, 2% used [0x00000000a0000000,0x00000000a00fb8b0,0x00000000a2980000)
 Metaspace       used 12214K, capacity 12602K, committed 12800K, reserved 1060864K
  class space    used 1636K, capacity 1771K, committed 1792K, reserved 1048576K
Event: 2.908 GC heap after
Heap after GC invocations=5 (full 0):
 PSYoungGen      total 34304K, used 2560K [0x00000000e0000000, 0x00000000e2400000, 0x0000000100000000)
  eden space 31744K, 0% used [0x00000000e0000000,0x00000000e0000000,0x00000000e1f00000)
  from space 2560K, 100% used [0x00000000e1f00000,0x00000000e2180000,0x00000000e2180000)
  to   space 2560K, 0% used [0x00000000e2180000,0x00000000e2180000,0x00000000e2400000)
 ParOldGen       total 42496K, used 4755K [0x00000000a0000000, 0x00000000a2980000, 0x00000000e0000000)
  object space 42496K, 11% used [0x00000000a0000000,0x00000000a04a4cb8,0x00000000a2980000)
 Metaspace       used 12214K, capacity 12602K, committed 12800K, reserved 1060864K
  class space    used 1636K, capacity 1771K, committed 1792K, reserved 1048576K
}
Event: 3.424 GC heap before
{Heap before GC invocations=6 (full 0):
 PSYoungGen      total 34304K, used 34304K [0x00000000e0000000, 0x00000000e2400000, 0x0000000100000000)
  eden space 31744K, 100% used [0x00000000e0000000,0x00000000e1f00000,0x00000000e1f00000)
  from space 2560K, 100% used [0x00000000e1f00000,0x00000000e2180000,0x00000000e2180000)
  to   space 2560K, 0% used [0x00000000e2180000,0x00000000e2180000,0x00000000e2400000)
 ParOldGen       total 42496K, used 4755K [0x00000000a0000000, 0x00000000a2980000, 0x00000000e0000000)
  object space 42496K, 11% used [0x00000000a0000000,0x00000000a04a4cb8,0x00000000a2980000)
 Metaspace       used 14509K, capacity 14850K, committed 14976K, reserved 1062912K
  class space    used 2025K, capacity 2159K, committed 2176K, reserved 1048576K
Event: 3.434 GC heap after
Heap after GC invocations=6 (full 0):
 PSYoungGen      total 34304K, used 2528K [0x00000000e0000000, 0x00000000e2400000, 0x0000000100000000)
  eden space 31744K, 0% used [0x00000000e0000000,0x00000000e0000000,0x00000000e1f00000)
  from space 2560K, 98% used [0x00000000e2180000,0x00000000e23f8020,0x00000000e2400000)
  to   space 2560K, 0% used [0x00000000e1f00000,0x00000000e1f00000,0x00000000e2180000)
 ParOldGen       total 42496K, used 8070K [0x00000000a0000000, 0x00000000a2980000, 0x00000000e0000000)
  object space 42496K, 18% used [0x00000000a0000000,0x00000000a07e19c0,0x00000000a2980000)
 Metaspace       used 14509K, capacity 14850K, committed 14976K, reserved 1062912K
  class space    used 2025K, capacity 2159K, committed 2176K, reserved 1048576K
}

Deoptimization events (10 events):
Event: 2.817 Thread 0x0000000019a12800 Uncommon trap: reason=class_check action=maybe_recompile pc=0x00000000028e19b4 method=java.util.HashMap.putVal(ILjava/lang/Object;Ljava/lang/Object;ZZ)Ljava/lang/Object; @ 203
Event: 2.817 Thread 0x0000000019a12800 Uncommon trap: reason=bimorphic action=maybe_recompile pc=0x00000000028e102c method=java.util.HashMap.putVal(ILjava/lang/Object;Ljava/lang/Object;ZZ)Ljava/lang/Object; @ 253
Event: 2.817 Thread 0x0000000019a12800 Uncommon trap: reason=bimorphic action=maybe_recompile pc=0x00000000028e102c method=java.util.HashMap.putVal(ILjava/lang/Object;Ljava/lang/Object;ZZ)Ljava/lang/Object; @ 253
Event: 2.818 Thread 0x0000000019a12800 Uncommon trap: reason=bimorphic action=maybe_recompile pc=0x00000000028e102c method=java.util.HashMap.putVal(ILjava/lang/Object;Ljava/lang/Object;ZZ)Ljava/lang/Object; @ 253
Event: 2.818 Thread 0x0000000019a12800 Uncommon trap: reason=bimorphic action=maybe_recompile pc=0x00000000028e102c method=java.util.HashMap.putVal(ILjava/lang/Object;Ljava/lang/Object;ZZ)Ljava/lang/Object; @ 253
Event: 3.121 Thread 0x0000000019a12800 Uncommon trap: reason=class_check action=maybe_recompile pc=0x0000000002907618 method=java.util.regex.Matcher.match(II)Z @ 86
Event: 3.142 Thread 0x0000000019a12800 Uncommon trap: reason=class_check action=maybe_recompile pc=0x0000000002907618 method=java.util.regex.Matcher.match(II)Z @ 86
Event: 3.143 Thread 0x0000000019a12800 Uncommon trap: reason=class_check action=maybe_recompile pc=0x0000000002907618 method=java.util.regex.Matcher.match(II)Z @ 86
Event: 3.143 Thread 0x0000000019a12800 Uncommon trap: reason=class_check action=maybe_recompile pc=0x000000000279b31c method=java.util.regex.Matcher.match(II)Z @ 86
Event: 3.636 Thread 0x0000000019a12800 Uncommon trap: reason=unstable_if action=reinterpret pc=0x0000000002a97474 method=java.lang.String.lastIndexOf([CII[CIII)I @ 66

Classes redefined (0 events):
No events

Internal exceptions (10 events):
Event: 2.734 Thread 0x0000000019a8b000 Exception <a 'java/lang/NoSuchMethodError': <clinit>> (0x00000000e1a099c8) thrown at [D:\src\AOSP-openjdk-cygwin\jdk8u\hotspot\src\share\vm\prims\jni.cpp, line 1614]
Event: 2.735 Thread 0x0000000019a8b000 Exception <a 'java/lang/NoSuchMethodError': <clinit>> (0x00000000e1a12668) thrown at [D:\src\AOSP-openjdk-cygwin\jdk8u\hotspot\src\share\vm\prims\jni.cpp, line 1614]
Event: 2.738 Thread 0x0000000019a8b000 Exception <a 'java/lang/NoSuchMethodError': <clinit>> (0x00000000e1a28c78) thrown at [D:\src\AOSP-openjdk-cygwin\jdk8u\hotspot\src\share\vm\prims\jni.cpp, line 1614]
Event: 2.752 Thread 0x0000000019a8b000 Exception <a 'java/lang/NoSuchMethodError': <clinit>> (0x00000000e1a86e18) thrown at [D:\src\AOSP-openjdk-cygwin\jdk8u\hotspot\src\share\vm\prims\jni.cpp, line 1614]
Event: 2.763 Thread 0x0000000019a8b000 Exception <a 'java/lang/NoSuchMethodError': <clinit>> (0x00000000e1ab3be8) thrown at [D:\src\AOSP-openjdk-cygwin\jdk8u\hotspot\src\share\vm\prims\jni.cpp, line 1614]
Event: 2.773 Thread 0x0000000019a8b000 Exception <a 'java/lang/NoSuchMethodError': <clinit>> (0x00000000e1ae1f80) thrown at [D:\src\AOSP-openjdk-cygwin\jdk8u\hotspot\src\share\vm\prims\jni.cpp, line 1614]
Event: 2.774 Thread 0x0000000019a8b000 Exception <a 'java/lang/NoSuchMethodError': <clinit>> (0x00000000e1aed388) thrown at [D:\src\AOSP-openjdk-cygwin\jdk8u\hotspot\src\share\vm\prims\jni.cpp, line 1614]
Event: 3.592 Thread 0x0000000019a12800 Exception <a 'java/lang/NoSuchMethodError': java.lang.Object.lambda$and$0(Ljava/util/function/Predicate;Ljava/lang/Object;)Z> (0x00000000e0918340) thrown at [D:\src\AOSP-openjdk-cygwin\jdk8u\hotspot\src\share\vm\interpreter\linkResolver.cpp, line 620]
Event: 3.602 Thread 0x0000000019a12800 Exception <a 'java/lang/IncompatibleClassChangeError': Found class java.lang.Object, but interface was expected> (0x00000000e092e7f8) thrown at [D:\src\AOSP-openjdk-cygwin\jdk8u\hotspot\src\share\vm\interpreter\linkResolver.cpp, line 653]
Event: 3.606 Thread 0x0000000019a12800 Exception <a 'java/lang/NoSuchMethodError': java.lang.Object.lambda$or$2(Ljava/util/function/Predicate;Ljava/lang/Object;)Z> (0x00000000e0933708) thrown at [D:\src\AOSP-openjdk-cygwin\jdk8u\hotspot\src\share\vm\interpreter\linkResolver.cpp, line 620]

Events (10 events):
Event: 3.681 loading class com/google/common/base/Splitter$SplittingIterator
Event: 3.681 loading class com/google/common/base/Splitter$SplittingIterator done
Event: 3.681 loading class com/google/common/base/AbstractIterator
Event: 3.681 loading class com/google/common/base/AbstractIterator done
Event: 3.682 loading class com/google/common/base/Splitter$1$1
Event: 3.682 loading class com/google/common/base/Splitter$1$1 done
Event: 3.684 loading class com/google/common/base/AbstractIterator$State
Event: 3.684 loading class com/google/common/base/AbstractIterator$State done
Event: 3.685 loading class com/google/common/base/AbstractIterator$1
Event: 3.685 loading class com/google/common/base/AbstractIterator$1 done


Dynamic libraries:
0x00007ff683230000 - 0x00007ff683261000 	C:\Program Files\Android\Android Studio1\jre\bin\java.exe
0x00007fffc3c60000 - 0x00007fffc3e50000 	C:\WINDOWS\SYSTEM32\ntdll.dll
0x00007fffc2340000 - 0x00007fffc23f2000 	C:\WINDOWS\System32\KERNEL32.DLL
0x00007fffc0d60000 - 0x00007fffc1003000 	C:\WINDOWS\System32\KERNELBASE.dll
0x00007fffc3680000 - 0x00007fffc3723000 	C:\WINDOWS\System32\ADVAPI32.dll
0x00007fffc2400000 - 0x00007fffc249e000 	C:\WINDOWS\System32\msvcrt.dll
0x00007fffc35e0000 - 0x00007fffc3677000 	C:\WINDOWS\System32\sechost.dll
0x00007fffc2150000 - 0x00007fffc2270000 	C:\WINDOWS\System32\RPCRT4.dll
0x00007fffc1fb0000 - 0x00007fffc2144000 	C:\WINDOWS\System32\USER32.dll
0x00007fffc1210000 - 0x00007fffc1231000 	C:\WINDOWS\System32\win32u.dll
0x00007fffc3470000 - 0x00007fffc3496000 	C:\WINDOWS\System32\GDI32.dll
0x00007fffc1bb0000 - 0x00007fffc1d44000 	C:\WINDOWS\System32\gdi32full.dll
0x00007fffc1d50000 - 0x00007fffc1dee000 	C:\WINDOWS\System32\msvcp_win.dll
0x00007fffc1a30000 - 0x00007fffc1b2a000 	C:\WINDOWS\System32\ucrtbase.dll
0x00007fffb86c0000 - 0x00007fffb8945000 	C:\WINDOWS\WinSxS\amd64_microsoft.windows.common-controls_6595b64144ccf1df_6.0.18362.657_none_e6c5b579130e3898\COMCTL32.dll
0x00007fffc3730000 - 0x00007fffc3a66000 	C:\WINDOWS\System32\combase.dll
0x00007fffc1b30000 - 0x00007fffc1bb0000 	C:\WINDOWS\System32\bcryptPrimitives.dll
0x00007fffc1df0000 - 0x00007fffc1e1e000 	C:\WINDOWS\System32\IMM32.DLL
0x00000000742a0000 - 0x0000000074372000 	C:\Program Files\Android\Android Studio1\jre\jre\bin\msvcr100.dll
0x0000000074380000 - 0x0000000074bc6000 	C:\Program Files\Android\Android Studio1\jre\jre\bin\server\jvm.dll
0x00007fffc1ed0000 - 0x00007fffc1ed8000 	C:\WINDOWS\System32\PSAPI.DLL
0x00007fffb4790000 - 0x00007fffb4799000 	C:\WINDOWS\SYSTEM32\WSOCK32.dll
0x00007fffb8230000 - 0x00007fffb8254000 	C:\WINDOWS\SYSTEM32\WINMM.dll
0x00007fffc1f40000 - 0x00007fffc1faf000 	C:\WINDOWS\System32\WS2_32.dll
0x00007fffb8960000 - 0x00007fffb896a000 	C:\WINDOWS\SYSTEM32\VERSION.dll
0x00007fffb8200000 - 0x00007fffb822d000 	C:\WINDOWS\SYSTEM32\WINMMBASE.dll
0x00007fffc19e0000 - 0x00007fffc1a2a000 	C:\WINDOWS\System32\cfgmgr32.dll
0x00007fffb6150000 - 0x00007fffb615f000 	C:\Program Files\Android\Android Studio1\jre\jre\bin\verify.dll
0x00007fffa3140000 - 0x00007fffa3169000 	C:\Program Files\Android\Android Studio1\jre\jre\bin\java.dll
0x00007fff9e610000 - 0x00007fff9e626000 	C:\Program Files\Android\Android Studio1\jre\jre\bin\zip.dll
0x00007fffc2d80000 - 0x00007fffc3465000 	C:\WINDOWS\System32\SHELL32.dll
0x00007fffc1e20000 - 0x00007fffc1ec9000 	C:\WINDOWS\System32\shcore.dll
0x00007fffc1240000 - 0x00007fffc19bf000 	C:\WINDOWS\System32\windows.storage.dll
0x00007fffc0c90000 - 0x00007fffc0caf000 	C:\WINDOWS\System32\profapi.dll
0x00007fffc0c40000 - 0x00007fffc0c8a000 	C:\WINDOWS\System32\powrprof.dll
0x00007fffc0c10000 - 0x00007fffc0c20000 	C:\WINDOWS\System32\UMPDC.dll
0x00007fffc2a90000 - 0x00007fffc2ae2000 	C:\WINDOWS\System32\shlwapi.dll
0x00007fffc0cb0000 - 0x00007fffc0cc1000 	C:\WINDOWS\System32\kernel.appcore.dll
0x00007fffc19c0000 - 0x00007fffc19d7000 	C:\WINDOWS\System32\cryptsp.dll
0x00007fff92080000 - 0x00007fff9209a000 	C:\Program Files\Android\Android Studio1\jre\jre\bin\net.dll
0x00007fffb84a0000 - 0x00007fffb8676000 	C:\WINDOWS\SYSTEM32\urlmon.dll
0x00007fffb1f90000 - 0x00007fffb2236000 	C:\WINDOWS\SYSTEM32\iertutil.dll
0x00007fffc05f0000 - 0x00007fffc05fc000 	C:\WINDOWS\SYSTEM32\CRYPTBASE.DLL
0x00007fffc0420000 - 0x00007fffc0487000 	C:\WINDOWS\system32\mswsock.dll
0x00007fff92040000 - 0x00007fff92053000 	C:\Program Files\Android\Android Studio1\jre\jre\bin\nio.dll
0x00007fffb6ab0000 - 0x00007fffb6ad6000 	C:\Users\Pratima\.gradle\native\30\windows-amd64\native-platform.dll
0x00007fffb5440000 - 0x00007fffb544d000 	C:\Program Files\Android\Android Studio1\jre\jre\bin\management.dll
0x00007fffbff90000 - 0x00007fffbffc3000 	C:\WINDOWS\system32\rsaenh.dll
0x00007fffc0d30000 - 0x00007fffc0d56000 	C:\WINDOWS\System32\bcrypt.dll
0x00007fffc0b00000 - 0x00007fffc0b25000 	C:\WINDOWS\SYSTEM32\USERENV.dll
0x00007fffc0130000 - 0x00007fffc016a000 	C:\WINDOWS\SYSTEM32\IPHLPAPI.DLL
0x00007fffc3b20000 - 0x00007fffc3b28000 	C:\WINDOWS\System32\NSI.dll
0x00007fffba890000 - 0x00007fffba8a6000 	C:\WINDOWS\SYSTEM32\dhcpcsvc6.DLL
0x00007fffbaed0000 - 0x00007fffbaeec000 	C:\WINDOWS\SYSTEM32\dhcpcsvc.DLL
0x00007fffc0170000 - 0x00007fffc023a000 	C:\WINDOWS\SYSTEM32\DNSAPI.dll

VM Arguments:
jvm_args: -Xmx1536m -Dfile.encoding=windows-1252 -Duser.country=US -Duser.language=en -Duser.variant 
java_command: org.gradle.launcher.daemon.bootstrap.GradleDaemon 5.6.4
java_class_path (initial): C:\Users\Pratima\.gradle\wrapper\dists\gradle-5.6.4-all\ankdp27end7byghfw1q2sw75f\gradle-5.6.4\lib\gradle-launcher-5.6.4.jar
Launcher Type: SUN_STANDARD

Environment Variables:
PATH=C:\Program Files (x86)\Common Files\Intel\Shared Files\cpp\bin\Intel64;C:\WINDOWS\system32;C:\WINDOWS;C:\WINDOWS\System32\Wbem;C:\WINDOWS\System32\WindowsPowerShell\v1.0\;C:\Users\Pratima\Anaconda3;C:\Users\Pratima\Anaconda3\Scripts;C:\Program Files\Java\jdk-13.0.1\bin;C:\WINDOWS\System32\OpenSSH\;%USERPROFILE%\AppData\Local\Microsoft\WindowsApps;
USERNAME=Pratima
OS=Windows_NT
PROCESSOR_IDENTIFIER=Intel64 Family 6 Model 78 Stepping 3, GenuineIntel



---------------  S Y S T E M  ---------------

OS: Windows 10.0 , 64 bit Build 18362 (10.0.18362.329)

CPU:total 4 (initial active 4) (2 cores per cpu, 2 threads per core) family 6 model 78 stepping 3, cmov, cx8, fxsr, mmx, sse, sse2, sse3, ssse3, sse4.1, sse4.2, popcnt, avx, avx2, aes, clmul, erms, 3dnowpref, lzcnt, ht, tsc, tscinvbit, bmi1, bmi2, adx

Memory: 4k page, physical 4061040k(364552k free), swap 16643952k(5468k free)

vm_info: OpenJDK 64-Bit Server VM (25.212-b04) for windows-amd64 JRE (1.8.0_212-release-1586-b04), built by "builder" with MS VC++ 10.0 (VS2010)

time: Sat Mar 07 10:13:44 2020
timezone: India Standard Time
elapsed time: 3 seconds (0d 0h 0m 3s)

