#
# There is insufficient memory for the Java Runtime Environment to continue.
# Native memory allocation (malloc) failed to allocate 1915216 bytes for Chunk::new
# Possible reasons:
#   The system is out of physical RAM or swap space
#   The process is running with CompressedOops enabled, and the Java Heap may be blocking the growth of the native heap
# Possible solutions:
#   Reduce memory load on the system
#   Increase physical memory or swap space
#   Check if swap backing store is full
#   Decrease Java heap size (-Xmx/-Xms)
#   Decrease number of Java threads
#   Decrease Java thread stack sizes (-Xss)
#   Set larger code cache with -XX:ReservedCodeCacheSize=
#   JVM is running with Unscaled Compressed Oops mode in which the Java heap is
#     placed in the first 4GB address space. The Java Heap base address is the
#     maximum limit for the native heap growth. Please use -XX:HeapBaseMinAddress
#     to set the Java Heap base and to place the Java Heap above 4GB virtual address.
# This output file may be truncated or incomplete.
#
#  Out of Memory Error (allocation.cpp:389), pid=7028, tid=0x0000000000002608
#
# JRE version: OpenJDK Runtime Environment (8.0_212-b04) (build 1.8.0_212-release-1586-b04)
# Java VM: OpenJDK 64-Bit Server VM (25.212-b04 mixed mode windows-amd64 compressed oops)
# Failed to write core dump. Minidumps are not enabled by default on client versions of Windows
#

---------------  T H R E A D  ---------------

Current thread (0x00000000163ea000):  JavaThread "C2 CompilerThread0" daemon [_thread_in_native, id=9736, stack(0x0000000017a40000,0x0000000017b40000)]

Stack: [0x0000000017a40000,0x0000000017b40000]
[error occurred during error reporting (printing stack bounds), id 0xc0000005]

Native frames: (J=compiled Java code, j=interpreted, Vv=VM code, C=native code)


Current CompileTask:
C2:   4097 1389   !   4       java.net.URLClassLoader$1::run (63 bytes)


---------------  P R O C E S S  ---------------

Java Threads: ( => current thread )
  0x0000000018ce4800 JavaThread "Cache worker for journal cache (C:\Users\Pratima\.gradle\caches\journal-1)" [_thread_blocked, id=2668, stack(0x000000001bf60000,0x000000001c060000)]
  0x0000000018ce9800 JavaThread "File lock request listener" [_thread_in_native, id=9948, stack(0x000000001be60000,0x000000001bf60000)]
  0x0000000018ce9000 JavaThread "Cache worker for file hash cache (C:\Users\Pratima\.gradle\caches\5.6.4\fileHashes)" [_thread_blocked, id=2548, stack(0x000000001bd60000,0x000000001be60000)]
  0x0000000019f3f000 JavaThread "Thread-9" [_thread_blocked, id=8272, stack(0x000000001bc60000,0x000000001bd60000)]
  0x0000000019f55800 JavaThread "Stdin handler" [_thread_blocked, id=5072, stack(0x000000001bb60000,0x000000001bc60000)]
  0x0000000019f54800 JavaThread "Asynchronous log dispatcher for DefaultDaemonConnection: socket connection from /127.0.0.1:49936 to /127.0.0.1:49937" [_thread_blocked, id=7896, stack(0x000000001ba60000,0x000000001bb60000)]
  0x0000000019fbe000 JavaThread "Daemon worker" [_thread_in_native, id=7120, stack(0x000000001b960000,0x000000001ba60000)]
  0x0000000019f19800 JavaThread "Cancel handler" [_thread_blocked, id=2808, stack(0x000000001b860000,0x000000001b960000)]
  0x0000000019ef2000 JavaThread "Handler for socket connection from /127.0.0.1:49936 to /127.0.0.1:49937" [_thread_in_native, id=1476, stack(0x000000001b560000,0x000000001b660000)]
  0x0000000019e7f000 JavaThread "Daemon" [_thread_blocked, id=400, stack(0x000000001b460000,0x000000001b560000)]
  0x0000000019e7b000 JavaThread "Daemon periodic checks" [_thread_blocked, id=5032, stack(0x000000001b360000,0x000000001b460000)]
  0x0000000019e5f000 JavaThread "Incoming local TCP Connector on port 49936" [_thread_in_native, id=4568, stack(0x000000001b120000,0x000000001b220000)]
  0x0000000019d95800 JavaThread "Daemon health stats" [_thread_blocked, id=9036, stack(0x000000001aae0000,0x000000001abe0000)]
  0x0000000017d70800 JavaThread "Service Thread" daemon [_thread_blocked, id=5004, stack(0x0000000018140000,0x0000000018240000)]
  0x0000000016401800 JavaThread "C1 CompilerThread2" daemon [_thread_blocked, id=7500, stack(0x0000000017c40000,0x0000000017d40000)]
  0x00000000163ee800 JavaThread "C2 CompilerThread1" daemon [_thread_in_native, id=2028, stack(0x0000000017b40000,0x0000000017c40000)]
=>0x00000000163ea000 JavaThread "C2 CompilerThread0" daemon [_thread_in_native, id=9736, stack(0x0000000017a40000,0x0000000017b40000)]
  0x00000000163e8800 JavaThread "Attach Listener" daemon [_thread_blocked, id=8516, stack(0x0000000017940000,0x0000000017a40000)]
  0x00000000163e8000 JavaThread "Signal Dispatcher" daemon [_thread_blocked, id=1944, stack(0x0000000017840000,0x0000000017940000)]
  0x0000000002a7b000 JavaThread "Finalizer" daemon [_thread_blocked, id=6728, stack(0x0000000017640000,0x0000000017740000)]
  0x00000000163d9000 JavaThread "Reference Handler" daemon [_thread_blocked, id=6736, stack(0x0000000017540000,0x0000000017640000)]
  0x000000000287e000 JavaThread "main" [_thread_blocked, id=5892, stack(0x0000000002880000,0x0000000002980000)]

Other Threads:
  0x00000000163b6000 VMThread [stack: 0x0000000017440000,0x0000000017540000] [id=9120]
  0x000000001644d800 WatcherThread [stack: 0x0000000018240000,0x0000000018340000] [id=4580]

VM state:not at safepoint (normal execution)

VM Mutex/Monitor currently owned by a thread: None

heap address: 0x00000000a0000000, size: 1536 MB, Compressed Oops mode: 32-bit
Narrow klass base: 0x0000000000000000, Narrow klass shift: 3
Compressed class space size: 1073741824 Address: 0x0000000100000000

Heap:
 PSYoungGen      total 68608K, used 26531K [0x00000000e0000000, 0x00000000e4c00000, 0x0000000100000000)
  eden space 62464K, 33% used [0x00000000e0000000,0x00000000e1426a88,0x00000000e3d00000)
  from space 6144K, 95% used [0x00000000e4400000,0x00000000e49c2210,0x00000000e4a00000)
  to   space 7168K, 0% used [0x00000000e3d00000,0x00000000e3d00000,0x00000000e4400000)
 ParOldGen       total 42496K, used 4818K [0x00000000a0000000, 0x00000000a2980000, 0x00000000e0000000)
  object space 42496K, 11% used [0x00000000a0000000,0x00000000a04b4800,0x00000000a2980000)
 Metaspace       used 16339K, capacity 16766K, committed 17152K, reserved 1064960K
  class space    used 2316K, capacity 2467K, committed 2560K, reserved 1048576K

Card table byte_map: [0x0000000011e40000,0x0000000012150000] byte_map_base: 0x0000000011940000

Marking Bits: (ParMarkBitMap*) 0x0000000074b49f30
 Begin Bits: [0x0000000012750000, 0x0000000013f50000)
 End Bits:   [0x0000000013f50000, 0x0000000015750000)

Polling page: 0x0000000000f80000

CodeCache: size=245760Kb used=5326Kb max_used=5326Kb free=240433Kb
 bounds [0x0000000002a80000, 0x0000000002fc0000, 0x0000000011a80000]
 total_blobs=1922 nmethods=1529 adapters=306
 compilation: enabled

Compilation events (10 events):
Event: 4.069 Thread 0x0000000016401800 1533       3       java.lang.reflect.Constructor::<init> (50 bytes)
Event: 4.070 Thread 0x0000000016401800 nmethod 1533 0x0000000002fb22d0 code [0x0000000002fb2440, 0x0000000002fb2750]
Event: 4.070 Thread 0x0000000016401800 1534       3       java.lang.Class::forName (53 bytes)
Event: 4.070 Thread 0x0000000016401800 nmethod 1534 0x0000000002fb28d0 code [0x0000000002fb2a80, 0x0000000002fb3128]
Event: 4.070 Thread 0x0000000016401800 1535       3       sun.misc.ProxyGenerator$ConstantPool::getMethodRef (33 bytes)
Event: 4.072 Thread 0x0000000016401800 nmethod 1535 0x0000000002fb3350 code [0x0000000002fb35e0, 0x0000000002fb4388]
Event: 4.072 Thread 0x0000000016401800 1536       3       sun.misc.ProxyGenerator::access$900 (5 bytes)
Event: 4.072 Thread 0x0000000016401800 nmethod 1536 0x0000000002fb4e90 code [0x0000000002fb5000, 0x0000000002fb5268]
Event: 4.072 Thread 0x0000000016401800 1537       3       java.lang.reflect.Constructor::setConstructorAccessor (21 bytes)
Event: 4.072 Thread 0x0000000016401800 nmethod 1537 0x0000000002fb5350 code [0x0000000002fb54c0, 0x0000000002fb5868]

GC Heap History (10 events):
Event: 1.320 GC heap before
{Heap before GC invocations=2 (full 0):
 PSYoungGen      total 18432K, used 18321K [0x00000000e0000000, 0x00000000e1480000, 0x0000000100000000)
  eden space 15872K, 100% used [0x00000000e0000000,0x00000000e0f80000,0x00000000e0f80000)
  from space 2560K, 95% used [0x00000000e0f80000,0x00000000e11e44c0,0x00000000e1200000)
  to   space 2560K, 0% used [0x00000000e1200000,0x00000000e1200000,0x00000000e1480000)
 ParOldGen       total 42496K, used 8K [0x00000000a0000000, 0x00000000a2980000, 0x00000000e0000000)
  object space 42496K, 0% used [0x00000000a0000000,0x00000000a0002000,0x00000000a2980000)
 Metaspace       used 6709K, capacity 6944K, committed 7040K, reserved 1056768K
  class space    used 817K, capacity 876K, committed 896K, reserved 1048576K
Event: 1.329 GC heap after
Heap after GC invocations=2 (full 0):
 PSYoungGen      total 18432K, used 2541K [0x00000000e0000000, 0x00000000e2400000, 0x0000000100000000)
  eden space 15872K, 0% used [0x00000000e0000000,0x00000000e0000000,0x00000000e0f80000)
  from space 2560K, 99% used [0x00000000e1200000,0x00000000e147b6f0,0x00000000e1480000)
  to   space 2560K, 0% used [0x00000000e0f80000,0x00000000e0f80000,0x00000000e1200000)
 ParOldGen       total 42496K, used 496K [0x00000000a0000000, 0x00000000a2980000, 0x00000000e0000000)
  object space 42496K, 1% used [0x00000000a0000000,0x00000000a007c348,0x00000000a2980000)
 Metaspace       used 6709K, capacity 6944K, committed 7040K, reserved 1056768K
  class space    used 817K, capacity 876K, committed 896K, reserved 1048576K
}
Event: 1.510 GC heap before
{Heap before GC invocations=3 (full 0):
 PSYoungGen      total 18432K, used 18413K [0x00000000e0000000, 0x00000000e2400000, 0x0000000100000000)
  eden space 15872K, 100% used [0x00000000e0000000,0x00000000e0f80000,0x00000000e0f80000)
  from space 2560K, 99% used [0x00000000e1200000,0x00000000e147b6f0,0x00000000e1480000)
  to   space 2560K, 0% used [0x00000000e0f80000,0x00000000e0f80000,0x00000000e1200000)
 ParOldGen       total 42496K, used 496K [0x00000000a0000000, 0x00000000a2980000, 0x00000000e0000000)
  object space 42496K, 1% used [0x00000000a0000000,0x00000000a007c348,0x00000000a2980000)
 Metaspace       used 6726K, capacity 6944K, committed 7040K, reserved 1056768K
  class space    used 817K, capacity 876K, committed 896K, reserved 1048576K
Event: 1.513 GC heap after
Heap after GC invocations=3 (full 0):
 PSYoungGen      total 18432K, used 2064K [0x00000000e0000000, 0x00000000e2400000, 0x0000000100000000)
  eden space 15872K, 0% used [0x00000000e0000000,0x00000000e0000000,0x00000000e0f80000)
  from space 2560K, 80% used [0x00000000e0f80000,0x00000000e1184010,0x00000000e1200000)
  to   space 2560K, 0% used [0x00000000e2180000,0x00000000e2180000,0x00000000e2400000)
 ParOldGen       total 42496K, used 504K [0x00000000a0000000, 0x00000000a2980000, 0x00000000e0000000)
  object space 42496K, 1% used [0x00000000a0000000,0x00000000a007e348,0x00000000a2980000)
 Metaspace       used 6726K, capacity 6944K, committed 7040K, reserved 1056768K
  class space    used 817K, capacity 876K, committed 896K, reserved 1048576K
}
Event: 1.696 GC heap before
{Heap before GC invocations=4 (full 0):
 PSYoungGen      total 18432K, used 17936K [0x00000000e0000000, 0x00000000e2400000, 0x0000000100000000)
  eden space 15872K, 100% used [0x00000000e0000000,0x00000000e0f80000,0x00000000e0f80000)
  from space 2560K, 80% used [0x00000000e0f80000,0x00000000e1184010,0x00000000e1200000)
  to   space 2560K, 0% used [0x00000000e2180000,0x00000000e2180000,0x00000000e2400000)
 ParOldGen       total 42496K, used 504K [0x00000000a0000000, 0x00000000a2980000, 0x00000000e0000000)
  object space 42496K, 1% used [0x00000000a0000000,0x00000000a007e348,0x00000000a2980000)
 Metaspace       used 6935K, capacity 7192K, committed 7424K, reserved 1056768K
  class space    used 850K, capacity 916K, committed 1024K, reserved 1048576K
Event: 1.701 GC heap after
Heap after GC invocations=4 (full 0):
 PSYoungGen      total 34304K, used 2544K [0x00000000e0000000, 0x00000000e2400000, 0x0000000100000000)
  eden space 31744K, 0% used [0x00000000e0000000,0x00000000e0000000,0x00000000e1f00000)
  from space 2560K, 99% used [0x00000000e2180000,0x00000000e23fc030,0x00000000e2400000)
  to   space 2560K, 0% used [0x00000000e1f00000,0x00000000e1f00000,0x00000000e2180000)
 ParOldGen       total 42496K, used 1014K [0x00000000a0000000, 0x00000000a2980000, 0x00000000e0000000)
  object space 42496K, 2% used [0x00000000a0000000,0x00000000a00fd860,0x00000000a2980000)
 Metaspace       used 6935K, capacity 7192K, committed 7424K, reserved 1056768K
  class space    used 850K, capacity 916K, committed 1024K, reserved 1048576K
}
Event: 3.009 GC heap before
{Heap before GC invocations=5 (full 0):
 PSYoungGen      total 34304K, used 34288K [0x00000000e0000000, 0x00000000e2400000, 0x0000000100000000)
  eden space 31744K, 100% used [0x00000000e0000000,0x00000000e1f00000,0x00000000e1f00000)
  from space 2560K, 99% used [0x00000000e2180000,0x00000000e23fc030,0x00000000e2400000)
  to   space 2560K, 0% used [0x00000000e1f00000,0x00000000e1f00000,0x00000000e2180000)
 ParOldGen       total 42496K, used 1014K [0x00000000a0000000, 0x00000000a2980000, 0x00000000e0000000)
  object space 42496K, 2% used [0x00000000a0000000,0x00000000a00fd860,0x00000000a2980000)
 Metaspace       used 12227K, capacity 12618K, committed 12800K, reserved 1060864K
  class space    used 1635K, capacity 1739K, committed 1792K, reserved 1048576K
Event: 3.022 GC heap after
Heap after GC invocations=5 (full 0):
 PSYoungGen      total 34304K, used 2560K [0x00000000e0000000, 0x00000000e4a00000, 0x0000000100000000)
  eden space 31744K, 0% used [0x00000000e0000000,0x00000000e0000000,0x00000000e1f00000)
  from space 2560K, 100% used [0x00000000e1f00000,0x00000000e2180000,0x00000000e2180000)
  to   space 6144K, 0% used [0x00000000e4400000,0x00000000e4400000,0x00000000e4a00000)
 ParOldGen       total 42496K, used 4810K [0x00000000a0000000, 0x00000000a2980000, 0x00000000e0000000)
  object space 42496K, 11% used [0x00000000a0000000,0x00000000a04b2800,0x00000000a2980000)
 Metaspace       used 12227K, capacity 12618K, committed 12800K, reserved 1060864K
  class space    used 1635K, capacity 1739K, committed 1792K, reserved 1048576K
}
Event: 3.411 GC heap before
{Heap before GC invocations=6 (full 0):
 PSYoungGen      total 34304K, used 34304K [0x00000000e0000000, 0x00000000e4a00000, 0x0000000100000000)
  eden space 31744K, 100% used [0x00000000e0000000,0x00000000e1f00000,0x00000000e1f00000)
  from space 2560K, 100% used [0x00000000e1f00000,0x00000000e2180000,0x00000000e2180000)
  to   space 6144K, 0% used [0x00000000e4400000,0x00000000e4400000,0x00000000e4a00000)
 ParOldGen       total 42496K, used 4810K [0x00000000a0000000, 0x00000000a2980000, 0x00000000e0000000)
  object space 42496K, 11% used [0x00000000a0000000,0x00000000a04b2800,0x00000000a2980000)
 Metaspace       used 14518K, capacity 14898K, committed 14976K, reserved 1062912K
  class space    used 2024K, capacity 2159K, committed 2176K, reserved 1048576K
Event: 3.424 GC heap after
Heap after GC invocations=6 (full 0):
 PSYoungGen      total 68608K, used 5896K [0x00000000e0000000, 0x00000000e4c00000, 0x0000000100000000)
  eden space 62464K, 0% used [0x00000000e0000000,0x00000000e0000000,0x00000000e3d00000)
  from space 6144K, 95% used [0x00000000e4400000,0x00000000e49c2210,0x00000000e4a00000)
  to   space 7168K, 0% used [0x00000000e3d00000,0x00000000e3d00000,0x00000000e4400000)
 ParOldGen       total 42496K, used 4818K [0x00000000a0000000, 0x00000000a2980000, 0x00000000e0000000)
  object space 42496K, 11% used [0x00000000a0000000,0x00000000a04b4800,0x00000000a2980000)
 Metaspace       used 14518K, capacity 14898K, committed 14976K, reserved 1062912K
  class space    used 2024K, capacity 2159K, committed 2176K, reserved 1048576K
}

Deoptimization events (10 events):
Event: 2.945 Thread 0x0000000019fbe000 Uncommon trap: reason=bimorphic action=maybe_recompile pc=0x0000000002ce4128 method=java.util.HashMap.putVal(ILjava/lang/Object;Ljava/lang/Object;ZZ)Ljava/lang/Object; @ 253
Event: 2.945 Thread 0x0000000019fbe000 Uncommon trap: reason=bimorphic action=maybe_recompile pc=0x0000000002ce4128 method=java.util.HashMap.putVal(ILjava/lang/Object;Ljava/lang/Object;ZZ)Ljava/lang/Object; @ 253
Event: 2.945 Thread 0x0000000019fbe000 Uncommon trap: reason=bimorphic action=maybe_recompile pc=0x0000000002ce4128 method=java.util.HashMap.putVal(ILjava/lang/Object;Ljava/lang/Object;ZZ)Ljava/lang/Object; @ 253
Event: 2.945 Thread 0x0000000019fbe000 Uncommon trap: reason=bimorphic action=maybe_recompile pc=0x0000000002ce1124 method=java.util.HashMap.putVal(ILjava/lang/Object;Ljava/lang/Object;ZZ)Ljava/lang/Object; @ 253
Event: 3.216 Thread 0x0000000019fbe000 Uncommon trap: reason=class_check action=maybe_recompile pc=0x0000000002d4e058 method=java.util.regex.Matcher.match(II)Z @ 86
Event: 3.232 Thread 0x0000000019fbe000 Uncommon trap: reason=class_check action=maybe_recompile pc=0x0000000002d4e058 method=java.util.regex.Matcher.match(II)Z @ 86
Event: 3.232 Thread 0x0000000019fbe000 Uncommon trap: reason=class_check action=maybe_recompile pc=0x0000000002d4e058 method=java.util.regex.Matcher.match(II)Z @ 86
Event: 3.233 Thread 0x0000000019fbe000 Uncommon trap: reason=class_check action=maybe_recompile pc=0x0000000002bf25cc method=java.util.regex.Matcher.match(II)Z @ 86
Event: 3.591 Thread 0x0000000019fbe000 Uncommon trap: reason=unstable_if action=reinterpret pc=0x0000000002f37974 method=java.lang.String.lastIndexOf([CII[CIII)I @ 66
Event: 4.056 Thread 0x0000000019fbe000 Uncommon trap: reason=unstable_if action=reinterpret pc=0x0000000002efaa2c method=java.util.HashMap.putVal(ILjava/lang/Object;Ljava/lang/Object;ZZ)Ljava/lang/Object; @ 236

Classes redefined (0 events):
No events

Internal exceptions (10 events):
Event: 2.880 Thread 0x0000000019ef2000 Exception <a 'java/lang/NoSuchMethodError': <clinit>> (0x00000000e19dc568) thrown at [D:\src\AOSP-openjdk-cygwin\jdk8u\hotspot\src\share\vm\prims\jni.cpp, line 1614]
Event: 2.883 Thread 0x0000000019ef2000 Exception <a 'java/lang/NoSuchMethodError': <clinit>> (0x00000000e19f4568) thrown at [D:\src\AOSP-openjdk-cygwin\jdk8u\hotspot\src\share\vm\prims\jni.cpp, line 1614]
Event: 2.884 Thread 0x0000000019ef2000 Exception <a 'java/lang/NoSuchMethodError': <clinit>> (0x00000000e19fd210) thrown at [D:\src\AOSP-openjdk-cygwin\jdk8u\hotspot\src\share\vm\prims\jni.cpp, line 1614]
Event: 2.888 Thread 0x0000000019ef2000 Exception <a 'java/lang/NoSuchMethodError': <clinit>> (0x00000000e1a137e0) thrown at [D:\src\AOSP-openjdk-cygwin\jdk8u\hotspot\src\share\vm\prims\jni.cpp, line 1614]
Event: 2.902 Thread 0x0000000019ef2000 Exception <a 'java/lang/NoSuchMethodError': <clinit>> (0x00000000e1a7c5f8) thrown at [D:\src\AOSP-openjdk-cygwin\jdk8u\hotspot\src\share\vm\prims\jni.cpp, line 1614]
Event: 2.907 Thread 0x0000000019ef2000 Exception <a 'java/lang/NoSuchMethodError': <clinit>> (0x00000000e1aa9120) thrown at [D:\src\AOSP-openjdk-cygwin\jdk8u\hotspot\src\share\vm\prims\jni.cpp, line 1614]
Event: 2.913 Thread 0x0000000019ef2000 Exception <a 'java/lang/NoSuchMethodError': <clinit>> (0x00000000e1ac6a80) thrown at [D:\src\AOSP-openjdk-cygwin\jdk8u\hotspot\src\share\vm\prims\jni.cpp, line 1614]
Event: 3.552 Thread 0x0000000019fbe000 Exception <a 'java/lang/NoSuchMethodError': java.lang.Object.lambda$and$0(Ljava/util/function/Predicate;Ljava/lang/Object;)Z> (0x00000000e08fe6a0) thrown at [D:\src\AOSP-openjdk-cygwin\jdk8u\hotspot\src\share\vm\interpreter\linkResolver.cpp, line 620]
Event: 3.561 Thread 0x0000000019fbe000 Exception <a 'java/lang/IncompatibleClassChangeError': Found class java.lang.Object, but interface was expected> (0x00000000e0914988) thrown at [D:\src\AOSP-openjdk-cygwin\jdk8u\hotspot\src\share\vm\interpreter\linkResolver.cpp, line 653]
Event: 3.564 Thread 0x0000000019fbe000 Exception <a 'java/lang/NoSuchMethodError': java.lang.Object.lambda$or$2(Ljava/util/function/Predicate;Ljava/lang/Object;)Z> (0x00000000e0919898) thrown at [D:\src\AOSP-openjdk-cygwin\jdk8u\hotspot\src\share\vm\interpreter\linkResolver.cpp, line 620]

Events (10 events):
Event: 4.090 loading class org/gradle/internal/extensibility/MixInClosurePropertiesAsMethodsDynamicObject
Event: 4.090 loading class org/gradle/internal/extensibility/MixInClosurePropertiesAsMethodsDynamicObject done
Event: 4.090 loading class org/gradle/internal/metaobject/CompositeDynamicObject
Event: 4.090 loading class org/gradle/internal/metaobject/CompositeDynamicObject done
Event: 4.091 loading class org/gradle/internal/metaobject/BeanDynamicObject
Event: 4.091 loading class org/gradle/internal/metaobject/BeanDynamicObject done
Event: 4.092 loading class org/gradle/util/ConfigureUtil
Event: 4.092 loading class org/gradle/util/ConfigureUtil done
Event: 4.093 loading class org/gradle/api/internal/provider/PropertyInternal
Event: 4.093 loading class org/gradle/api/internal/provider/PropertyInternal done


Dynamic libraries:
0x00007ff683230000 - 0x00007ff683261000 	C:\Program Files\Android\Android Studio1\jre\bin\java.exe
0x00007fffc3c60000 - 0x00007fffc3e50000 	C:\WINDOWS\SYSTEM32\ntdll.dll
0x00007fffc2340000 - 0x00007fffc23f2000 	C:\WINDOWS\System32\KERNEL32.DLL
0x00007fffc0d60000 - 0x00007fffc1003000 	C:\WINDOWS\System32\KERNELBASE.dll
0x00007fffc3680000 - 0x00007fffc3723000 	C:\WINDOWS\System32\ADVAPI32.dll
0x00007fffc2400000 - 0x00007fffc249e000 	C:\WINDOWS\System32\msvcrt.dll
0x00007fffc35e0000 - 0x00007fffc3677000 	C:\WINDOWS\System32\sechost.dll
0x00007fffc2150000 - 0x00007fffc2270000 	C:\WINDOWS\System32\RPCRT4.dll
0x00007fffc1fb0000 - 0x00007fffc2144000 	C:\WINDOWS\System32\USER32.dll
0x00007fffc1210000 - 0x00007fffc1231000 	C:\WINDOWS\System32\win32u.dll
0x00007fffc3470000 - 0x00007fffc3496000 	C:\WINDOWS\System32\GDI32.dll
0x00007fffc1bb0000 - 0x00007fffc1d44000 	C:\WINDOWS\System32\gdi32full.dll
0x00007fffc1d50000 - 0x00007fffc1dee000 	C:\WINDOWS\System32\msvcp_win.dll
0x00007fffc1a30000 - 0x00007fffc1b2a000 	C:\WINDOWS\System32\ucrtbase.dll
0x00007fffb86c0000 - 0x00007fffb8945000 	C:\WINDOWS\WinSxS\amd64_microsoft.windows.common-controls_6595b64144ccf1df_6.0.18362.657_none_e6c5b579130e3898\COMCTL32.dll
0x00007fffc3730000 - 0x00007fffc3a66000 	C:\WINDOWS\System32\combase.dll
0x00007fffc1b30000 - 0x00007fffc1bb0000 	C:\WINDOWS\System32\bcryptPrimitives.dll
0x00007fffc1df0000 - 0x00007fffc1e1e000 	C:\WINDOWS\System32\IMM32.DLL
0x00000000742a0000 - 0x0000000074372000 	C:\Program Files\Android\Android Studio1\jre\jre\bin\msvcr100.dll
0x0000000074380000 - 0x0000000074bc6000 	C:\Program Files\Android\Android Studio1\jre\jre\bin\server\jvm.dll
0x00007fffc1ed0000 - 0x00007fffc1ed8000 	C:\WINDOWS\System32\PSAPI.DLL
0x00007fffb4790000 - 0x00007fffb4799000 	C:\WINDOWS\SYSTEM32\WSOCK32.dll
0x00007fffb8230000 - 0x00007fffb8254000 	C:\WINDOWS\SYSTEM32\WINMM.dll
0x00007fffb8960000 - 0x00007fffb896a000 	C:\WINDOWS\SYSTEM32\VERSION.dll
0x00007fffc1f40000 - 0x00007fffc1faf000 	C:\WINDOWS\System32\WS2_32.dll
0x00007fffb8200000 - 0x00007fffb822d000 	C:\WINDOWS\SYSTEM32\winmmbase.dll
0x00007fffc19e0000 - 0x00007fffc1a2a000 	C:\WINDOWS\System32\cfgmgr32.dll
0x00007fffb6150000 - 0x00007fffb615f000 	C:\Program Files\Android\Android Studio1\jre\jre\bin\verify.dll
0x00007fffa3140000 - 0x00007fffa3169000 	C:\Program Files\Android\Android Studio1\jre\jre\bin\java.dll
0x00007fff9e610000 - 0x00007fff9e626000 	C:\Program Files\Android\Android Studio1\jre\jre\bin\zip.dll
0x00007fffc2d80000 - 0x00007fffc3465000 	C:\WINDOWS\System32\SHELL32.dll
0x00007fffc1e20000 - 0x00007fffc1ec9000 	C:\WINDOWS\System32\shcore.dll
0x00007fffc1240000 - 0x00007fffc19bf000 	C:\WINDOWS\System32\windows.storage.dll
0x00007fffc0c90000 - 0x00007fffc0caf000 	C:\WINDOWS\System32\profapi.dll
0x00007fffc0c40000 - 0x00007fffc0c8a000 	C:\WINDOWS\System32\powrprof.dll
0x00007fffc0c10000 - 0x00007fffc0c20000 	C:\WINDOWS\System32\UMPDC.dll
0x00007fffc2a90000 - 0x00007fffc2ae2000 	C:\WINDOWS\System32\shlwapi.dll
0x00007fffc0cb0000 - 0x00007fffc0cc1000 	C:\WINDOWS\System32\kernel.appcore.dll
0x00007fffc19c0000 - 0x00007fffc19d7000 	C:\WINDOWS\System32\cryptsp.dll
0x00007fff92080000 - 0x00007fff9209a000 	C:\Program Files\Android\Android Studio1\jre\jre\bin\net.dll
0x00007fffb84a0000 - 0x00007fffb8676000 	C:\WINDOWS\SYSTEM32\urlmon.dll
0x00007fffb1f90000 - 0x00007fffb2236000 	C:\WINDOWS\SYSTEM32\iertutil.dll
0x00007fffc05f0000 - 0x00007fffc05fc000 	C:\WINDOWS\SYSTEM32\CRYPTBASE.DLL
0x00007fffc0420000 - 0x00007fffc0487000 	C:\WINDOWS\system32\mswsock.dll
0x00007fff92040000 - 0x00007fff92053000 	C:\Program Files\Android\Android Studio1\jre\jre\bin\nio.dll
0x00007fffb6ab0000 - 0x00007fffb6ad6000 	C:\Users\Pratima\.gradle\native\30\windows-amd64\native-platform.dll
0x00007fffb5440000 - 0x00007fffb544d000 	C:\Program Files\Android\Android Studio1\jre\jre\bin\management.dll
0x00007fffbff90000 - 0x00007fffbffc3000 	C:\WINDOWS\system32\rsaenh.dll
0x00007fffc0d30000 - 0x00007fffc0d56000 	C:\WINDOWS\System32\bcrypt.dll
0x00007fffc0b00000 - 0x00007fffc0b25000 	C:\WINDOWS\SYSTEM32\USERENV.dll
0x00007fffc0130000 - 0x00007fffc016a000 	C:\WINDOWS\SYSTEM32\IPHLPAPI.DLL
0x00007fffc3b20000 - 0x00007fffc3b28000 	C:\WINDOWS\System32\NSI.dll
0x00007fffba890000 - 0x00007fffba8a6000 	C:\WINDOWS\SYSTEM32\dhcpcsvc6.DLL
0x00007fffbaed0000 - 0x00007fffbaeec000 	C:\WINDOWS\SYSTEM32\dhcpcsvc.DLL
0x00007fffc0170000 - 0x00007fffc023a000 	C:\WINDOWS\SYSTEM32\DNSAPI.dll

VM Arguments:
jvm_args: -Xmx1536m -Dfile.encoding=windows-1252 -Duser.country=US -Duser.language=en -Duser.variant 
java_command: org.gradle.launcher.daemon.bootstrap.GradleDaemon 5.6.4
java_class_path (initial): C:\Users\Pratima\.gradle\wrapper\dists\gradle-5.6.4-all\ankdp27end7byghfw1q2sw75f\gradle-5.6.4\lib\gradle-launcher-5.6.4.jar
Launcher Type: SUN_STANDARD

Environment Variables:
PATH=C:\Program Files (x86)\Common Files\Intel\Shared Files\cpp\bin\Intel64;C:\WINDOWS\system32;C:\WINDOWS;C:\WINDOWS\System32\Wbem;C:\WINDOWS\System32\WindowsPowerShell\v1.0\;C:\Users\Pratima\Anaconda3;C:\Users\Pratima\Anaconda3\Scripts;C:\Program Files\Java\jdk-13.0.1\bin;C:\WINDOWS\System32\OpenSSH\;%USERPROFILE%\AppData\Local\Microsoft\WindowsApps;
USERNAME=Pratima
OS=Windows_NT
PROCESSOR_IDENTIFIER=Intel64 Family 6 Model 78 Stepping 3, GenuineIntel



---------------  S Y S T E M  ---------------

OS: Windows 10.0 , 64 bit Build 18362 (10.0.18362.329)

CPU:total 4 (initial active 4) (2 cores per cpu, 2 threads per core) family 6 model 78 stepping 3, cmov, cx8, fxsr, mmx, sse, sse2, sse3, ssse3, sse4.1, sse4.2, popcnt, avx, avx2, aes, clmul, erms, 3dnowpref, lzcnt, ht, tsc, tscinvbit, bmi1, bmi2, adx

Memory: 4k page, physical 4061040k(379880k free), swap 16643952k(5340k free)

vm_info: OpenJDK 64-Bit Server VM (25.212-b04) for windows-amd64 JRE (1.8.0_212-release-1586-b04), built by "builder" with MS VC++ 10.0 (VS2010)

time: Sat Mar 07 10:13:21 2020
timezone: India Standard Time
elapsed time: 4 seconds (0d 0h 0m 4s)

