#
# There is insufficient memory for the Java Runtime Environment to continue.
# Native memory allocation (malloc) failed to allocate 156976 bytes for Chunk::new
# Possible reasons:
#   The system is out of physical RAM or swap space
#   The process is running with CompressedOops enabled, and the Java Heap may be blocking the growth of the native heap
# Possible solutions:
#   Reduce memory load on the system
#   Increase physical memory or swap space
#   Check if swap backing store is full
#   Decrease Java heap size (-Xmx/-Xms)
#   Decrease number of Java threads
#   Decrease Java thread stack sizes (-Xss)
#   Set larger code cache with -XX:ReservedCodeCacheSize=
#   JVM is running with Unscaled Compressed Oops mode in which the Java heap is
#     placed in the first 4GB address space. The Java Heap base address is the
#     maximum limit for the native heap growth. Please use -XX:HeapBaseMinAddress
#     to set the Java Heap base and to place the Java Heap above 4GB virtual address.
# This output file may be truncated or incomplete.
#
#  Out of Memory Error (allocation.cpp:389), pid=8304, tid=0x0000000000001b84
#
# JRE version: OpenJDK Runtime Environment (8.0_212-b04) (build 1.8.0_212-release-1586-b04)
# Java VM: OpenJDK 64-Bit Server VM (25.212-b04 mixed mode windows-amd64 compressed oops)
# Failed to write core dump. Minidumps are not enabled by default on client versions of Windows
#

---------------  T H R E A D  ---------------

Current thread (0x0000000016d6d000):  JavaThread "C2 CompilerThread1" daemon [_thread_in_native, id=7044, stack(0x00000000184c0000,0x00000000185c0000)]

Stack: [0x00000000184c0000,0x00000000185c0000]
[error occurred during error reporting (printing stack bounds), id 0xc0000005]

Native frames: (J=compiled Java code, j=interpreted, Vv=VM code, C=native code)


Current CompileTask:
C2:   3311 1332   !   4       java.util.zip.ZipFile$ZipFileInputStream::close (110 bytes)


---------------  P R O C E S S  ---------------

Java Threads: ( => current thread )
  0x000000001a75d800 JavaThread "Thread-9" [_thread_blocked, id=8252, stack(0x000000001c5e0000,0x000000001c6e0000)]
  0x000000001a75c000 JavaThread "Stdin handler" [_thread_blocked, id=5012, stack(0x000000001c4e0000,0x000000001c5e0000)]
  0x000000001a75c800 JavaThread "Asynchronous log dispatcher for DefaultDaemonConnection: socket connection from /127.0.0.1:49948 to /127.0.0.1:49949" [_thread_blocked, id=6016, stack(0x000000001c3e0000,0x000000001c4e0000)]
  0x000000001a75f800 JavaThread "Daemon worker" [_thread_in_vm, id=4564, stack(0x000000001c2e0000,0x000000001c3e0000)]
  0x000000001a761000 JavaThread "Cancel handler" [_thread_blocked, id=8140, stack(0x000000001c1e0000,0x000000001c2e0000)]
  0x000000001a760800 JavaThread "Handler for socket connection from /127.0.0.1:49948 to /127.0.0.1:49949" [_thread_in_native, id=8932, stack(0x000000001bee0000,0x000000001bfe0000)]
  0x000000001a75e000 JavaThread "Daemon" [_thread_blocked, id=900, stack(0x000000001bde0000,0x000000001bee0000)]
  0x000000001a75a800 JavaThread "Daemon periodic checks" [_thread_blocked, id=6828, stack(0x000000001bce0000,0x000000001bde0000)]
  0x000000001a75f000 JavaThread "Incoming local TCP Connector on port 49948" [_thread_in_native, id=8036, stack(0x000000001baa0000,0x000000001bba0000)]
  0x000000001a75b000 JavaThread "Daemon health stats" [_thread_blocked, id=7400, stack(0x000000001b460000,0x000000001b560000)]
  0x00000000186e0800 JavaThread "Service Thread" daemon [_thread_blocked, id=5084, stack(0x0000000018ac0000,0x0000000018bc0000)]
  0x0000000016d74000 JavaThread "C1 CompilerThread2" daemon [_thread_blocked, id=2904, stack(0x00000000185c0000,0x00000000186c0000)]
=>0x0000000016d6d000 JavaThread "C2 CompilerThread1" daemon [_thread_in_native, id=7044, stack(0x00000000184c0000,0x00000000185c0000)]
  0x0000000016d78800 JavaThread "C2 CompilerThread0" daemon [_thread_in_native, id=908, stack(0x00000000183c0000,0x00000000184c0000)]
  0x0000000016d77800 JavaThread "Attach Listener" daemon [_thread_blocked, id=6236, stack(0x00000000182c0000,0x00000000183c0000)]
  0x0000000016d76800 JavaThread "Signal Dispatcher" daemon [_thread_blocked, id=6388, stack(0x00000000181c0000,0x00000000182c0000)]
  0x00000000032ab000 JavaThread "Finalizer" daemon [_thread_blocked, id=8692, stack(0x0000000017fc0000,0x00000000180c0000)]
  0x0000000016d59000 JavaThread "Reference Handler" daemon [_thread_blocked, id=8636, stack(0x0000000017ec0000,0x0000000017fc0000)]
  0x00000000034fe000 JavaThread "main" [_thread_blocked, id=6080, stack(0x00000000018c0000,0x00000000019c0000)]

Other Threads:
  0x0000000016d37000 VMThread [stack: 0x0000000017dc0000,0x0000000017ec0000] [id=3828]
  0x00000000186e9000 WatcherThread [stack: 0x0000000018bc0000,0x0000000018cc0000] [id=6096]

VM state:not at safepoint (normal execution)

VM Mutex/Monitor currently owned by a thread: None

heap address: 0x00000000a0000000, size: 1536 MB, Compressed Oops mode: 32-bit
Narrow klass base: 0x0000000000000000, Narrow klass shift: 3
Compressed class space size: 1073741824 Address: 0x0000000100000000

Heap:
 PSYoungGen      total 18432K, used 10646K [0x00000000e0000000, 0x00000000e1480000, 0x0000000100000000)
  eden space 15872K, 51% used [0x00000000e0000000,0x00000000e07e99f0,0x00000000e0f80000)
  from space 2560K, 99% used [0x00000000e1200000,0x00000000e147c010,0x00000000e1480000)
  to   space 2560K, 0% used [0x00000000e0f80000,0x00000000e0f80000,0x00000000e1200000)
 ParOldGen       total 42496K, used 4868K [0x00000000a0000000, 0x00000000a2980000, 0x00000000e0000000)
  object space 42496K, 11% used [0x00000000a0000000,0x00000000a04c1108,0x00000000a2980000)
 Metaspace       used 12597K, capacity 12906K, committed 13184K, reserved 1060864K
  class space    used 1713K, capacity 1835K, committed 1920K, reserved 1048576K

Card table byte_map: [0x00000000128c0000,0x0000000012bd0000] byte_map_base: 0x00000000123c0000

Marking Bits: (ParMarkBitMap*) 0x0000000074b49f30
 Begin Bits: [0x00000000130d0000, 0x00000000148d0000)
 End Bits:   [0x00000000148d0000, 0x00000000160d0000)

Polling page: 0x0000000001470000

CodeCache: size=245760Kb used=4779Kb max_used=4793Kb free=240980Kb
 bounds [0x0000000003500000, 0x00000000039c0000, 0x0000000012500000]
 total_blobs=1710 nmethods=1335 adapters=288
 compilation: enabled

Compilation events (10 events):
Event: 3.276 Thread 0x0000000016d78800 1331 % !   4       java.util.concurrent.ConcurrentHashMap::transfer @ 99 (832 bytes)
Event: 3.286 Thread 0x0000000016d6d000 1332   !   4       java.util.zip.ZipFile$ZipFileInputStream::close (110 bytes)
Event: 3.297 Thread 0x0000000016d74000 1335       3       java.util.HashMap$ValueIterator::next (8 bytes)
Event: 3.297 Thread 0x0000000016d74000 nmethod 1335 0x00000000039aad50 code [0x00000000039aaec0, 0x00000000039ab0c8]
Event: 3.297 Thread 0x0000000016d74000 1336       3       java.io.OutputStream::<init> (5 bytes)
Event: 3.298 Thread 0x0000000016d74000 nmethod 1336 0x00000000039aa950 code [0x00000000039aaac0, 0x00000000039aac70]
Event: 3.298 Thread 0x0000000016d78800 nmethod 1331% 0x00000000039af190 code [0x00000000039af320, 0x00000000039b00c8]
Event: 3.298 Thread 0x0000000016d78800 1337       4       sun.misc.ProxyGenerator$ConstantPool$IndirectEntry::hashCode (15 bytes)
Event: 3.299 Thread 0x0000000016d78800 nmethod 1337 0x00000000039aa350 code [0x00000000039aa480, 0x00000000039aa4f8]
Event: 3.299 Thread 0x0000000016d78800 1333   !   4       java.lang.ClassLoader::loadClass (122 bytes)

GC Heap History (10 events):
Event: 1.456 GC heap before
{Heap before GC invocations=2 (full 0):
 PSYoungGen      total 18432K, used 18337K [0x00000000e0000000, 0x00000000e1480000, 0x0000000100000000)
  eden space 15872K, 100% used [0x00000000e0000000,0x00000000e0f80000,0x00000000e0f80000)
  from space 2560K, 96% used [0x00000000e0f80000,0x00000000e11e84d0,0x00000000e1200000)
  to   space 2560K, 0% used [0x00000000e1200000,0x00000000e1200000,0x00000000e1480000)
 ParOldGen       total 42496K, used 8K [0x00000000a0000000, 0x00000000a2980000, 0x00000000e0000000)
  object space 42496K, 0% used [0x00000000a0000000,0x00000000a0002000,0x00000000a2980000)
 Metaspace       used 6712K, capacity 6944K, committed 7040K, reserved 1056768K
  class space    used 817K, capacity 876K, committed 896K, reserved 1048576K
Event: 1.466 GC heap after
Heap after GC invocations=2 (full 0):
 PSYoungGen      total 18432K, used 2554K [0x00000000e0000000, 0x00000000e1480000, 0x0000000100000000)
  eden space 15872K, 0% used [0x00000000e0000000,0x00000000e0000000,0x00000000e0f80000)
  from space 2560K, 99% used [0x00000000e1200000,0x00000000e147ebd0,0x00000000e1480000)
  to   space 2560K, 0% used [0x00000000e0f80000,0x00000000e0f80000,0x00000000e1200000)
 ParOldGen       total 42496K, used 495K [0x00000000a0000000, 0x00000000a2980000, 0x00000000e0000000)
  object space 42496K, 1% used [0x00000000a0000000,0x00000000a007bd48,0x00000000a2980000)
 Metaspace       used 6712K, capacity 6944K, committed 7040K, reserved 1056768K
  class space    used 817K, capacity 876K, committed 896K, reserved 1048576K
}
Event: 1.700 GC heap before
{Heap before GC invocations=3 (full 0):
 PSYoungGen      total 18432K, used 18426K [0x00000000e0000000, 0x00000000e1480000, 0x0000000100000000)
  eden space 15872K, 100% used [0x00000000e0000000,0x00000000e0f80000,0x00000000e0f80000)
  from space 2560K, 99% used [0x00000000e1200000,0x00000000e147ebd0,0x00000000e1480000)
  to   space 2560K, 0% used [0x00000000e0f80000,0x00000000e0f80000,0x00000000e1200000)
 ParOldGen       total 42496K, used 495K [0x00000000a0000000, 0x00000000a2980000, 0x00000000e0000000)
  object space 42496K, 1% used [0x00000000a0000000,0x00000000a007bd48,0x00000000a2980000)
 Metaspace       used 6730K, capacity 6944K, committed 7040K, reserved 1056768K
  class space    used 817K, capacity 876K, committed 896K, reserved 1048576K
Event: 1.702 GC heap after
Heap after GC invocations=3 (full 0):
 PSYoungGen      total 18432K, used 2048K [0x00000000e0000000, 0x00000000e1480000, 0x0000000100000000)
  eden space 15872K, 0% used [0x00000000e0000000,0x00000000e0000000,0x00000000e0f80000)
  from space 2560K, 80% used [0x00000000e0f80000,0x00000000e1180000,0x00000000e1200000)
  to   space 2560K, 0% used [0x00000000e1200000,0x00000000e1200000,0x00000000e1480000)
 ParOldGen       total 42496K, used 503K [0x00000000a0000000, 0x00000000a2980000, 0x00000000e0000000)
  object space 42496K, 1% used [0x00000000a0000000,0x00000000a007dd48,0x00000000a2980000)
 Metaspace       used 6730K, capacity 6944K, committed 7040K, reserved 1056768K
  class space    used 817K, capacity 876K, committed 896K, reserved 1048576K
}
Event: 1.895 GC heap before
{Heap before GC invocations=4 (full 0):
 PSYoungGen      total 18432K, used 17920K [0x00000000e0000000, 0x00000000e1480000, 0x0000000100000000)
  eden space 15872K, 100% used [0x00000000e0000000,0x00000000e0f80000,0x00000000e0f80000)
  from space 2560K, 80% used [0x00000000e0f80000,0x00000000e1180000,0x00000000e1200000)
  to   space 2560K, 0% used [0x00000000e1200000,0x00000000e1200000,0x00000000e1480000)
 ParOldGen       total 42496K, used 503K [0x00000000a0000000, 0x00000000a2980000, 0x00000000e0000000)
  object space 42496K, 1% used [0x00000000a0000000,0x00000000a007dd48,0x00000000a2980000)
 Metaspace       used 6942K, capacity 7192K, committed 7424K, reserved 1056768K
  class space    used 850K, capacity 916K, committed 1024K, reserved 1048576K
Event: 1.898 GC heap after
Heap after GC invocations=4 (full 0):
 PSYoungGen      total 18432K, used 2528K [0x00000000e0000000, 0x00000000e1480000, 0x0000000100000000)
  eden space 15872K, 0% used [0x00000000e0000000,0x00000000e0000000,0x00000000e0f80000)
  from space 2560K, 98% used [0x00000000e1200000,0x00000000e1478020,0x00000000e1480000)
  to   space 2560K, 0% used [0x00000000e0f80000,0x00000000e0f80000,0x00000000e1200000)
 ParOldGen       total 42496K, used 1017K [0x00000000a0000000, 0x00000000a2980000, 0x00000000e0000000)
  object space 42496K, 2% used [0x00000000a0000000,0x00000000a00fe7a0,0x00000000a2980000)
 Metaspace       used 6942K, capacity 7192K, committed 7424K, reserved 1056768K
  class space    used 850K, capacity 916K, committed 1024K, reserved 1048576K
}
Event: 2.129 GC heap before
{Heap before GC invocations=5 (full 0):
 PSYoungGen      total 18432K, used 18400K [0x00000000e0000000, 0x00000000e1480000, 0x0000000100000000)
  eden space 15872K, 100% used [0x00000000e0000000,0x00000000e0f80000,0x00000000e0f80000)
  from space 2560K, 98% used [0x00000000e1200000,0x00000000e1478020,0x00000000e1480000)
  to   space 2560K, 0% used [0x00000000e0f80000,0x00000000e0f80000,0x00000000e1200000)
 ParOldGen       total 42496K, used 1017K [0x00000000a0000000, 0x00000000a2980000, 0x00000000e0000000)
  object space 42496K, 2% used [0x00000000a0000000,0x00000000a00fe7a0,0x00000000a2980000)
 Metaspace       used 8926K, capacity 9128K, committed 9216K, reserved 1056768K
  class space    used 1151K, capacity 1244K, committed 1280K, reserved 1048576K
Event: 2.136 GC heap after
Heap after GC invocations=5 (full 0):
 PSYoungGen      total 18432K, used 2544K [0x00000000e0000000, 0x00000000e1480000, 0x0000000100000000)
  eden space 15872K, 0% used [0x00000000e0000000,0x00000000e0000000,0x00000000e0f80000)
  from space 2560K, 99% used [0x00000000e0f80000,0x00000000e11fc030,0x00000000e1200000)
  to   space 2560K, 0% used [0x00000000e1200000,0x00000000e1200000,0x00000000e1480000)
 ParOldGen       total 42496K, used 2553K [0x00000000a0000000, 0x00000000a2980000, 0x00000000e0000000)
  object space 42496K, 6% used [0x00000000a0000000,0x00000000a027e578,0x00000000a2980000)
 Metaspace       used 8926K, capacity 9128K, committed 9216K, reserved 1056768K
  class space    used 1151K, capacity 1244K, committed 1280K, reserved 1048576K
}
Event: 3.228 GC heap before
{Heap before GC invocations=6 (full 0):
 PSYoungGen      total 18432K, used 18416K [0x00000000e0000000, 0x00000000e1480000, 0x0000000100000000)
  eden space 15872K, 100% used [0x00000000e0000000,0x00000000e0f80000,0x00000000e0f80000)
  from space 2560K, 99% used [0x00000000e0f80000,0x00000000e11fc030,0x00000000e1200000)
  to   space 2560K, 0% used [0x00000000e1200000,0x00000000e1200000,0x00000000e1480000)
 ParOldGen       total 42496K, used 2553K [0x00000000a0000000, 0x00000000a2980000, 0x00000000e0000000)
  object space 42496K, 6% used [0x00000000a0000000,0x00000000a027e578,0x00000000a2980000)
 Metaspace       used 12262K, capacity 12682K, committed 12928K, reserved 1060864K
  class space    used 1643K, capacity 1803K, committed 1920K, reserved 1048576K
Event: 3.237 GC heap after
Heap after GC invocations=6 (full 0):
 PSYoungGen      total 18432K, used 2544K [0x00000000e0000000, 0x00000000e1480000, 0x0000000100000000)
  eden space 15872K, 0% used [0x00000000e0000000,0x00000000e0000000,0x00000000e0f80000)
  from space 2560K, 99% used [0x00000000e1200000,0x00000000e147c010,0x00000000e1480000)
  to   space 2560K, 0% used [0x00000000e0f80000,0x00000000e0f80000,0x00000000e1200000)
 ParOldGen       total 42496K, used 4868K [0x00000000a0000000, 0x00000000a2980000, 0x00000000e0000000)
  object space 42496K, 11% used [0x00000000a0000000,0x00000000a04c1108,0x00000000a2980000)
 Metaspace       used 12262K, capacity 12682K, committed 12928K, reserved 1060864K
  class space    used 1643K, capacity 1803K, committed 1920K, reserved 1048576K
}

Deoptimization events (10 events):
Event: 2.185 Thread 0x00000000034fe000 Uncommon trap: reason=unstable_if action=reinterpret pc=0x00000000037b1d90 method=java.util.HashMap.getNode(ILjava/lang/Object;)Ljava/util/HashMap$Node; @ 129
Event: 2.185 Thread 0x00000000034fe000 Uncommon trap: reason=class_check action=maybe_recompile pc=0x00000000037ab1f4 method=java.util.HashMap.putVal(ILjava/lang/Object;Ljava/lang/Object;ZZ)Ljava/lang/Object; @ 203
Event: 2.539 Thread 0x00000000034fe000 Uncommon trap: reason=unstable_if action=reinterpret pc=0x00000000037beb6c method=java.io.WinNTFileSystem.normalize(Ljava/lang/String;)Ljava/lang/String; @ 128
Event: 3.052 Thread 0x000000001a760800 Uncommon trap: reason=unstable_if action=reinterpret pc=0x00000000038e3930 method=java.util.concurrent.ConcurrentHashMap.putVal(Ljava/lang/Object;Ljava/lang/Object;Z)Ljava/lang/Object; @ 206
Event: 3.143 Thread 0x000000001a75f800 Uncommon trap: reason=class_check action=maybe_recompile pc=0x00000000037ab1f4 method=java.util.HashMap.putVal(ILjava/lang/Object;Ljava/lang/Object;ZZ)Ljava/lang/Object; @ 203
Event: 3.143 Thread 0x000000001a75f800 Uncommon trap: reason=class_check action=maybe_recompile pc=0x00000000037ab1f4 method=java.util.HashMap.putVal(ILjava/lang/Object;Ljava/lang/Object;ZZ)Ljava/lang/Object; @ 203
Event: 3.143 Thread 0x000000001a75f800 Uncommon trap: reason=bimorphic action=maybe_recompile pc=0x00000000037aa86c method=java.util.HashMap.putVal(ILjava/lang/Object;Ljava/lang/Object;ZZ)Ljava/lang/Object; @ 253
Event: 3.143 Thread 0x000000001a75f800 Uncommon trap: reason=bimorphic action=maybe_recompile pc=0x00000000037aa86c method=java.util.HashMap.putVal(ILjava/lang/Object;Ljava/lang/Object;ZZ)Ljava/lang/Object; @ 253
Event: 3.143 Thread 0x000000001a75f800 Uncommon trap: reason=bimorphic action=maybe_recompile pc=0x00000000037aa86c method=java.util.HashMap.putVal(ILjava/lang/Object;Ljava/lang/Object;ZZ)Ljava/lang/Object; @ 253
Event: 3.144 Thread 0x000000001a75f800 Uncommon trap: reason=bimorphic action=maybe_recompile pc=0x00000000037aa86c method=java.util.HashMap.putVal(ILjava/lang/Object;Ljava/lang/Object;ZZ)Ljava/lang/Object; @ 253

Classes redefined (0 events):
No events

Internal exceptions (10 events):
Event: 3.060 Thread 0x000000001a760800 Exception <a 'java/lang/NoSuchMethodError': <clinit>> (0x00000000e099ce58) thrown at [D:\src\AOSP-openjdk-cygwin\jdk8u\hotspot\src\share\vm\prims\jni.cpp, line 1614]
Event: 3.066 Thread 0x000000001a760800 Exception <a 'java/lang/NoSuchMethodError': <clinit>> (0x00000000e09affa8) thrown at [D:\src\AOSP-openjdk-cygwin\jdk8u\hotspot\src\share\vm\prims\jni.cpp, line 1614]
Event: 3.071 Thread 0x000000001a760800 Exception <a 'java/lang/NoSuchMethodError': <clinit>> (0x00000000e09d74f8) thrown at [D:\src\AOSP-openjdk-cygwin\jdk8u\hotspot\src\share\vm\prims\jni.cpp, line 1614]
Event: 3.074 Thread 0x000000001a760800 Exception <a 'java/lang/NoSuchMethodError': <clinit>> (0x00000000e09ef4f8) thrown at [D:\src\AOSP-openjdk-cygwin\jdk8u\hotspot\src\share\vm\prims\jni.cpp, line 1614]
Event: 3.075 Thread 0x000000001a760800 Exception <a 'java/lang/NoSuchMethodError': <clinit>> (0x00000000e09f81b0) thrown at [D:\src\AOSP-openjdk-cygwin\jdk8u\hotspot\src\share\vm\prims\jni.cpp, line 1614]
Event: 3.078 Thread 0x000000001a760800 Exception <a 'java/lang/NoSuchMethodError': <clinit>> (0x00000000e0a0e7a0) thrown at [D:\src\AOSP-openjdk-cygwin\jdk8u\hotspot\src\share\vm\prims\jni.cpp, line 1614]
Event: 3.092 Thread 0x000000001a760800 Exception <a 'java/lang/NoSuchMethodError': <clinit>> (0x00000000e0a80848) thrown at [D:\src\AOSP-openjdk-cygwin\jdk8u\hotspot\src\share\vm\prims\jni.cpp, line 1614]
Event: 3.098 Thread 0x000000001a760800 Exception <a 'java/lang/NoSuchMethodError': <clinit>> (0x00000000e0aad588) thrown at [D:\src\AOSP-openjdk-cygwin\jdk8u\hotspot\src\share\vm\prims\jni.cpp, line 1614]
Event: 3.105 Thread 0x000000001a760800 Exception <a 'java/lang/NoSuchMethodError': <clinit>> (0x00000000e0adb9e0) thrown at [D:\src\AOSP-openjdk-cygwin\jdk8u\hotspot\src\share\vm\prims\jni.cpp, line 1614]
Event: 3.110 Thread 0x000000001a760800 Exception <a 'java/lang/NoSuchMethodError': <clinit>> (0x00000000e0ae6de8) thrown at [D:\src\AOSP-openjdk-cygwin\jdk8u\hotspot\src\share\vm\prims\jni.cpp, line 1614]

Events (10 events):
Event: 3.306 loading class org/gradle/tooling/internal/protocol/events/InternalTestSkippedResult
Event: 3.306 loading class org/gradle/tooling/internal/protocol/events/InternalTestSkippedResult done
Event: 3.307 loading class org/gradle/tooling/internal/provider/events/DefaultTestFailureResult
Event: 3.307 loading class org/gradle/tooling/internal/provider/events/DefaultTestFailureResult done
Event: 3.307 loading class org/gradle/tooling/internal/protocol/events/InternalTestFailureResult
Event: 3.307 loading class org/gradle/tooling/internal/protocol/events/InternalTestFailureResult done
Event: 3.307 loading class org/gradle/tooling/internal/protocol/events/InternalFailureResult
Event: 3.307 loading class org/gradle/tooling/internal/protocol/events/InternalFailureResult done
Event: 3.308 loading class com/google/common/collect/Maps
Event: 3.308 loading class com/google/common/collect/Maps done


Dynamic libraries:
0x00007ff683230000 - 0x00007ff683261000 	C:\Program Files\Android\Android Studio1\jre\bin\java.exe
0x00007fffc3c60000 - 0x00007fffc3e50000 	C:\WINDOWS\SYSTEM32\ntdll.dll
0x00007fffc2340000 - 0x00007fffc23f2000 	C:\WINDOWS\System32\KERNEL32.DLL
0x00007fffc0d60000 - 0x00007fffc1003000 	C:\WINDOWS\System32\KERNELBASE.dll
0x00007fffc3680000 - 0x00007fffc3723000 	C:\WINDOWS\System32\ADVAPI32.dll
0x00007fffc2400000 - 0x00007fffc249e000 	C:\WINDOWS\System32\msvcrt.dll
0x00007fffc35e0000 - 0x00007fffc3677000 	C:\WINDOWS\System32\sechost.dll
0x00007fffc2150000 - 0x00007fffc2270000 	C:\WINDOWS\System32\RPCRT4.dll
0x00007fffc1fb0000 - 0x00007fffc2144000 	C:\WINDOWS\System32\USER32.dll
0x00007fffc1210000 - 0x00007fffc1231000 	C:\WINDOWS\System32\win32u.dll
0x00007fffc3470000 - 0x00007fffc3496000 	C:\WINDOWS\System32\GDI32.dll
0x00007fffc1bb0000 - 0x00007fffc1d44000 	C:\WINDOWS\System32\gdi32full.dll
0x00007fffc1d50000 - 0x00007fffc1dee000 	C:\WINDOWS\System32\msvcp_win.dll
0x00007fffc1a30000 - 0x00007fffc1b2a000 	C:\WINDOWS\System32\ucrtbase.dll
0x00007fffb86c0000 - 0x00007fffb8945000 	C:\WINDOWS\WinSxS\amd64_microsoft.windows.common-controls_6595b64144ccf1df_6.0.18362.657_none_e6c5b579130e3898\COMCTL32.dll
0x00007fffc3730000 - 0x00007fffc3a66000 	C:\WINDOWS\System32\combase.dll
0x00007fffc1b30000 - 0x00007fffc1bb0000 	C:\WINDOWS\System32\bcryptPrimitives.dll
0x00007fffc1df0000 - 0x00007fffc1e1e000 	C:\WINDOWS\System32\IMM32.DLL
0x00000000742a0000 - 0x0000000074372000 	C:\Program Files\Android\Android Studio1\jre\jre\bin\msvcr100.dll
0x0000000074380000 - 0x0000000074bc6000 	C:\Program Files\Android\Android Studio1\jre\jre\bin\server\jvm.dll
0x00007fffc1ed0000 - 0x00007fffc1ed8000 	C:\WINDOWS\System32\PSAPI.DLL
0x00007fffb4790000 - 0x00007fffb4799000 	C:\WINDOWS\SYSTEM32\WSOCK32.dll
0x00007fffb8230000 - 0x00007fffb8254000 	C:\WINDOWS\SYSTEM32\WINMM.dll
0x00007fffc1f40000 - 0x00007fffc1faf000 	C:\WINDOWS\System32\WS2_32.dll
0x00007fffb8960000 - 0x00007fffb896a000 	C:\WINDOWS\SYSTEM32\VERSION.dll
0x00007fffb8200000 - 0x00007fffb822d000 	C:\WINDOWS\SYSTEM32\winmmbase.dll
0x00007fffc19e0000 - 0x00007fffc1a2a000 	C:\WINDOWS\System32\cfgmgr32.dll
0x00007fffb6150000 - 0x00007fffb615f000 	C:\Program Files\Android\Android Studio1\jre\jre\bin\verify.dll
0x00007fffa3140000 - 0x00007fffa3169000 	C:\Program Files\Android\Android Studio1\jre\jre\bin\java.dll
0x00007fff9e610000 - 0x00007fff9e626000 	C:\Program Files\Android\Android Studio1\jre\jre\bin\zip.dll
0x00007fffc2d80000 - 0x00007fffc3465000 	C:\WINDOWS\System32\SHELL32.dll
0x00007fffc1e20000 - 0x00007fffc1ec9000 	C:\WINDOWS\System32\shcore.dll
0x00007fffc1240000 - 0x00007fffc19bf000 	C:\WINDOWS\System32\windows.storage.dll
0x00007fffc0c90000 - 0x00007fffc0caf000 	C:\WINDOWS\System32\profapi.dll
0x00007fffc0c40000 - 0x00007fffc0c8a000 	C:\WINDOWS\System32\powrprof.dll
0x00007fffc0c10000 - 0x00007fffc0c20000 	C:\WINDOWS\System32\UMPDC.dll
0x00007fffc2a90000 - 0x00007fffc2ae2000 	C:\WINDOWS\System32\shlwapi.dll
0x00007fffc0cb0000 - 0x00007fffc0cc1000 	C:\WINDOWS\System32\kernel.appcore.dll
0x00007fffc19c0000 - 0x00007fffc19d7000 	C:\WINDOWS\System32\cryptsp.dll
0x00007fff92080000 - 0x00007fff9209a000 	C:\Program Files\Android\Android Studio1\jre\jre\bin\net.dll
0x00007fffb84a0000 - 0x00007fffb8676000 	C:\WINDOWS\SYSTEM32\urlmon.dll
0x00007fffb1f90000 - 0x00007fffb2236000 	C:\WINDOWS\SYSTEM32\iertutil.dll
0x00007fffc05f0000 - 0x00007fffc05fc000 	C:\WINDOWS\SYSTEM32\CRYPTBASE.DLL
0x00007fffc0420000 - 0x00007fffc0487000 	C:\WINDOWS\system32\mswsock.dll
0x00007fff92040000 - 0x00007fff92053000 	C:\Program Files\Android\Android Studio1\jre\jre\bin\nio.dll
0x00007fffb6ab0000 - 0x00007fffb6ad6000 	C:\Users\Pratima\.gradle\native\30\windows-amd64\native-platform.dll
0x00007fffb5440000 - 0x00007fffb544d000 	C:\Program Files\Android\Android Studio1\jre\jre\bin\management.dll
0x00007fffbff90000 - 0x00007fffbffc3000 	C:\WINDOWS\system32\rsaenh.dll
0x00007fffc0d30000 - 0x00007fffc0d56000 	C:\WINDOWS\System32\bcrypt.dll
0x00007fffc0b00000 - 0x00007fffc0b25000 	C:\WINDOWS\SYSTEM32\USERENV.dll
0x00007fffc0130000 - 0x00007fffc016a000 	C:\WINDOWS\SYSTEM32\IPHLPAPI.DLL
0x00007fffc3b20000 - 0x00007fffc3b28000 	C:\WINDOWS\System32\NSI.dll
0x00007fffba890000 - 0x00007fffba8a6000 	C:\WINDOWS\SYSTEM32\dhcpcsvc6.DLL
0x00007fffbaed0000 - 0x00007fffbaeec000 	C:\WINDOWS\SYSTEM32\dhcpcsvc.DLL
0x00007fffc0170000 - 0x00007fffc023a000 	C:\WINDOWS\SYSTEM32\DNSAPI.dll

VM Arguments:
jvm_args: -Xmx1536m -Dfile.encoding=windows-1252 -Duser.country=US -Duser.language=en -Duser.variant 
java_command: org.gradle.launcher.daemon.bootstrap.GradleDaemon 5.6.4
java_class_path (initial): C:\Users\Pratima\.gradle\wrapper\dists\gradle-5.6.4-all\ankdp27end7byghfw1q2sw75f\gradle-5.6.4\lib\gradle-launcher-5.6.4.jar
Launcher Type: SUN_STANDARD

Environment Variables:
PATH=C:\Program Files (x86)\Common Files\Intel\Shared Files\cpp\bin\Intel64;C:\WINDOWS\system32;C:\WINDOWS;C:\WINDOWS\System32\Wbem;C:\WINDOWS\System32\WindowsPowerShell\v1.0\;C:\Users\Pratima\Anaconda3;C:\Users\Pratima\Anaconda3\Scripts;C:\Program Files\Java\jdk-13.0.1\bin;C:\WINDOWS\System32\OpenSSH\;%USERPROFILE%\AppData\Local\Microsoft\WindowsApps;
USERNAME=Pratima
OS=Windows_NT
PROCESSOR_IDENTIFIER=Intel64 Family 6 Model 78 Stepping 3, GenuineIntel



---------------  S Y S T E M  ---------------

OS: Windows 10.0 , 64 bit Build 18362 (10.0.18362.329)

CPU:total 4 (initial active 4) (2 cores per cpu, 2 threads per core) family 6 model 78 stepping 3, cmov, cx8, fxsr, mmx, sse, sse2, sse3, ssse3, sse4.1, sse4.2, popcnt, avx, avx2, aes, clmul, erms, 3dnowpref, lzcnt, ht, tsc, tscinvbit, bmi1, bmi2, adx

Memory: 4k page, physical 4061040k(389700k free), swap 16643952k(5192k free)

vm_info: OpenJDK 64-Bit Server VM (25.212-b04) for windows-amd64 JRE (1.8.0_212-release-1586-b04), built by "builder" with MS VC++ 10.0 (VS2010)

time: Sat Mar 07 10:14:02 2020
timezone: India Standard Time
elapsed time: 3 seconds (0d 0h 0m 3s)

